ERROR - 2026-04-13 00:21:28 --> Cannot add or update a child row: a foreign key constraint fails (`testeagmpark`.`vagas`, CONSTRAINT `vagas_ibfk_1` FOREIGN KEY (`id_veiculo`) REFERENCES `veiculos` (`id_veiculo`))
in SYSTEMPATH\Database\MySQLi\Connection.php on line 300.
 1 SYSTEMPATH\Database\MySQLi\Connection.php(300): mysqli->query('UPDATE `vagas` SET `id_veiculo` = NULL, `status` = \'LIVRE\'
WHERE `vagas`.`id_vaga` IN (\'1\')', 0)
 2 SYSTEMPATH\Database\BaseConnection.php(910): CodeIgniter\Database\MySQLi\Connection->execute('UPDATE `vagas` SET `id_veiculo` = NULL, `status` = \'LIVRE\'
WHERE `vagas`.`id_vaga` IN (\'1\')')
 3 SYSTEMPATH\Database\BaseConnection.php(827): CodeIgniter\Database\BaseConnection->simpleQuery('UPDATE `vagas` SET `id_veiculo` = NULL, `status` = \'LIVRE\'
WHERE `vagas`.`id_vaga` IN (\'1\')')
 4 SYSTEMPATH\Database\BaseBuilder.php(2521): CodeIgniter\Database\BaseConnection->query('UPDATE `vagas` SET `id_veiculo` = :id_veiculo:, `status` = :status:
WHERE `vagas`.`id_vaga` IN :vagas.id_vaga:', [...], false)
 5 SYSTEMPATH\Model.php(406): CodeIgniter\Database\BaseBuilder->update()
 6 SYSTEMPATH\BaseModel.php(1074): CodeIgniter\Model->doUpdate([...], [...])
 7 SYSTEMPATH\Model.php(709): CodeIgniter\BaseModel->update([...], [...])
 8 APPPATH\Controllers\Vagas.php(452): CodeIgniter\Model->update('1', [...])
 9 SYSTEMPATH\CodeIgniter.php(951): App\Controllers\vagas->deletar('1')
10 SYSTEMPATH\CodeIgniter.php(497): CodeIgniter\CodeIgniter->runController(Object(App\Controllers\vagas))
11 SYSTEMPATH\CodeIgniter.php(340): CodeIgniter\CodeIgniter->handleRequest(null, Object(Config\Cache), false)
12 SYSTEMPATH\Boot.php(417): CodeIgniter\CodeIgniter->run()
13 SYSTEMPATH\Boot.php(68): CodeIgniter\Boot::runCodeIgniter(Object(CodeIgniter\CodeIgniter))
14 FCPATH\index.php(59): CodeIgniter\Boot::bootWeb(Object(Config\Paths))
