ERROR - 2026-03-25 00:04:03 --> Unknown column 'istatus' in 'field list'
in SYSTEMPATH\Database\MySQLi\Connection.php on line 300.
 1 SYSTEMPATH\Database\MySQLi\Connection.php(300): mysqli->query('INSERT INTO `funcionario` (`primeiro_nome`, `cpf_cnpj`, `email`, `data_nascimento`, `telefone`, `senha`, `tipo_usuario`, `istatus`) VALUES (\'Gabriel\', \'50280789807\', \'gabriel@email.com\', \'2000-01-01\', \'11999999999\', \'$2y$10$SJoQLLVEDFo1SQqA4tE6NOXneBdPOmsl2d59WaNg9TDtpsJ8jA9Tm\', \'FUNCIONARIO\', \'ATIVO\')', 0)
 2 SYSTEMPATH\Database\BaseConnection.php(910): CodeIgniter\Database\MySQLi\Connection->execute('INSERT INTO `funcionario` (`primeiro_nome`, `cpf_cnpj`, `email`, `data_nascimento`, `telefone`, `senha`, `tipo_usuario`, `istatus`) VALUES (\'Gabriel\', \'50280789807\', \'gabriel@email.com\', \'2000-01-01\', \'11999999999\', \'$2y$10$SJoQLLVEDFo1SQqA4tE6NOXneBdPOmsl2d59WaNg9TDtpsJ8jA9Tm\', \'FUNCIONARIO\', \'ATIVO\')')
 3 SYSTEMPATH\Database\BaseConnection.php(827): CodeIgniter\Database\BaseConnection->simpleQuery('INSERT INTO `funcionario` (`primeiro_nome`, `cpf_cnpj`, `email`, `data_nascimento`, `telefone`, `senha`, `tipo_usuario`, `istatus`) VALUES (\'Gabriel\', \'50280789807\', \'gabriel@email.com\', \'2000-01-01\', \'11999999999\', \'$2y$10$SJoQLLVEDFo1SQqA4tE6NOXneBdPOmsl2d59WaNg9TDtpsJ8jA9Tm\', \'FUNCIONARIO\', \'ATIVO\')')
 4 SYSTEMPATH\Database\BaseBuilder.php(2345): CodeIgniter\Database\BaseConnection->query('INSERT INTO `funcionario` (`primeiro_nome`, `cpf_cnpj`, `email`, `data_nascimento`, `telefone`, `senha`, `tipo_usuario`, `istatus`) VALUES (:primeiro_nome:, :cpf_cnpj:, :email:, :data_nascimento:, :telefone:, :senha:, :tipo_usuario:, :istatus:)', [...], false)
 5 SYSTEMPATH\Model.php(355): CodeIgniter\Database\BaseBuilder->insert()
 6 SYSTEMPATH\BaseModel.php(899): CodeIgniter\Model->doInsert([...])
 7 SYSTEMPATH\Model.php(668): CodeIgniter\BaseModel->insert([...], true)
 8 APPPATH\Models\UsuarioModel.php(27): CodeIgniter\Model->insert([...])
 9 APPPATH\Controllers\Usuarios.php(232): App\Models\UsuarioModel->inserir([...])
10 SYSTEMPATH\CodeIgniter.php(951): App\Controllers\Usuarios->inserir()
11 SYSTEMPATH\CodeIgniter.php(497): CodeIgniter\CodeIgniter->runController(Object(App\Controllers\Usuarios))
12 SYSTEMPATH\CodeIgniter.php(340): CodeIgniter\CodeIgniter->handleRequest(null, Object(Config\Cache), false)
13 SYSTEMPATH\Boot.php(417): CodeIgniter\CodeIgniter->run()
14 SYSTEMPATH\Boot.php(68): CodeIgniter\Boot::runCodeIgniter(Object(CodeIgniter\CodeIgniter))
15 FCPATH\index.php(59): CodeIgniter\Boot::bootWeb(Object(Config\Paths))
ERROR - 2026-03-25 00:08:48 --> Error connecting to the database: mysqli_sql_exception: Access denied for user 'root'@'localhost' (using password: NO) in C:\xampp\htdocs\AGMPark\TG_AGM-Park\system\Database\MySQLi\Connection.php:201
Stack trace:
#0 C:\xampp\htdocs\AGMPark\TG_AGM-Park\system\Database\MySQLi\Connection.php(201): mysqli->real_connect('127.0.0.1', 'root', Object(SensitiveParameterValue), 'TesteAGMpark', 3306, '', 0)
#1 C:\xampp\htdocs\AGMPark\TG_AGM-Park\system\Database\BaseConnection.php(555): CodeIgniter\Database\MySQLi\Connection->connect(false)
#2 C:\xampp\htdocs\AGMPark\TG_AGM-Park\system\Database\BaseConnection.php(795): CodeIgniter\Database\BaseConnection->initialize()
#3 C:\xampp\htdocs\AGMPark\TG_AGM-Park\system\Database\BaseBuilder.php(2345): CodeIgniter\Database\BaseConnection->query('INSERT INTO `fu...', Array, false)
#4 C:\xampp\htdocs\AGMPark\TG_AGM-Park\system\Model.php(355): CodeIgniter\Database\BaseBuilder->insert()
#5 C:\xampp\htdocs\AGMPark\TG_AGM-Park\system\BaseModel.php(899): CodeIgniter\Model->doInsert(Array)
#6 C:\xampp\htdocs\AGMPark\TG_AGM-Park\system\Model.php(668): CodeIgniter\BaseModel->insert(Array, true)
#7 C:\xampp\htdocs\AGMPark\TG_AGM-Park\app\Models\UsuarioModel.php(27): CodeIgniter\Model->insert(Array)
#8 C:\xampp\htdocs\AGMPark\TG_AGM-Park\app\Controllers\Usuarios.php(232): App\Models\UsuarioModel->inserir(Array)
#9 C:\xampp\htdocs\AGMPark\TG_AGM-Park\system\CodeIgniter.php(951): App\Controllers\Usuarios->inserir()
#10 C:\xampp\htdocs\AGMPark\TG_AGM-Park\system\CodeIgniter.php(497): CodeIgniter\CodeIgniter->runController(Object(App\Controllers\Usuarios))
#11 C:\xampp\htdocs\AGMPark\TG_AGM-Park\system\CodeIgniter.php(340): CodeIgniter\CodeIgniter->handleRequest(NULL, Object(Config\Cache), false)
#12 C:\xampp\htdocs\AGMPark\TG_AGM-Park\system\Boot.php(417): CodeIgniter\CodeIgniter->run()
#13 C:\xampp\htdocs\AGMPark\TG_AGM-Park\system\Boot.php(68): CodeIgniter\Boot::runCodeIgniter(Object(CodeIgniter\CodeIgniter))
#14 C:\xampp\htdocs\AGMPark\TG_AGM-Park\public\index.php(59): CodeIgniter\Boot::bootWeb(Object(Config\Paths))
#15 {main}

Next CodeIgniter\Database\Exceptions\DatabaseException: Access denied for user '****'@'localhost' (using password: NO) in C:\xampp\htdocs\AGMPark\TG_AGM-Park\system\Database\MySQLi\Connection.php:231
Stack trace:
#0 C:\xampp\htdocs\AGMPark\TG_AGM-Park\system\Database\BaseConnection.php(555): CodeIgniter\Database\MySQLi\Connection->connect(false)
#1 C:\xampp\htdocs\AGMPark\TG_AGM-Park\system\Database\BaseConnection.php(795): CodeIgniter\Database\BaseConnection->initialize()
#2 C:\xampp\htdocs\AGMPark\TG_AGM-Park\system\Database\BaseBuilder.php(2345): CodeIgniter\Database\BaseConnection->query('INSERT INTO `fu...', Array, false)
#3 C:\xampp\htdocs\AGMPark\TG_AGM-Park\system\Model.php(355): CodeIgniter\Database\BaseBuilder->insert()
#4 C:\xampp\htdocs\AGMPark\TG_AGM-Park\system\BaseModel.php(899): CodeIgniter\Model->doInsert(Array)
#5 C:\xampp\htdocs\AGMPark\TG_AGM-Park\system\Model.php(668): CodeIgniter\BaseModel->insert(Array, true)
#6 C:\xampp\htdocs\AGMPark\TG_AGM-Park\app\Models\UsuarioModel.php(27): CodeIgniter\Model->insert(Array)
#7 C:\xampp\htdocs\AGMPark\TG_AGM-Park\app\Controllers\Usuarios.php(232): App\Models\UsuarioModel->inserir(Array)
#8 C:\xampp\htdocs\AGMPark\TG_AGM-Park\system\CodeIgniter.php(951): App\Controllers\Usuarios->inserir()
#9 C:\xampp\htdocs\AGMPark\TG_AGM-Park\system\CodeIgniter.php(497): CodeIgniter\CodeIgniter->runController(Object(App\Controllers\Usuarios))
#10 C:\xampp\htdocs\AGMPark\TG_AGM-Park\system\CodeIgniter.php(340): CodeIgniter\CodeIgniter->handleRequest(NULL, Object(Config\Cache), false)
#11 C:\xampp\htdocs\AGMPark\TG_AGM-Park\system\Boot.php(417): CodeIgniter\CodeIgniter->run()
#12 C:\xampp\htdocs\AGMPark\TG_AGM-Park\system\Boot.php(68): CodeIgniter\Boot::runCodeIgniter(Object(CodeIgniter\CodeIgniter))
#13 C:\xampp\htdocs\AGMPark\TG_AGM-Park\public\index.php(59): CodeIgniter\Boot::bootWeb(Object(Config\Paths))
#14 {main}
ERROR - 2026-03-25 00:09:02 --> Unknown column 'istatus' in 'field list'
in SYSTEMPATH\Database\MySQLi\Connection.php on line 300.
 1 SYSTEMPATH\Database\MySQLi\Connection.php(300): mysqli->query('INSERT INTO `funcionario` (`primeiro_nome`, `cpf_cnpj`, `email`, `data_nascimento`, `telefone`, `senha`, `tipo_usuario`, `istatus`) VALUES (\'Gabriel\', \'50280789807\', \'gabriel@email.com\', \'2000-01-01\', \'11999999999\', \'$2y$10$xVNxHLpp64eWR1vqUB9jG.cDrjtGhQ1M2HzPymH2osQZXuOl3AqJS\', \'FUNCIONARIO\', \'ATIVO\')', 0)
 2 SYSTEMPATH\Database\BaseConnection.php(910): CodeIgniter\Database\MySQLi\Connection->execute('INSERT INTO `funcionario` (`primeiro_nome`, `cpf_cnpj`, `email`, `data_nascimento`, `telefone`, `senha`, `tipo_usuario`, `istatus`) VALUES (\'Gabriel\', \'50280789807\', \'gabriel@email.com\', \'2000-01-01\', \'11999999999\', \'$2y$10$xVNxHLpp64eWR1vqUB9jG.cDrjtGhQ1M2HzPymH2osQZXuOl3AqJS\', \'FUNCIONARIO\', \'ATIVO\')')
 3 SYSTEMPATH\Database\BaseConnection.php(827): CodeIgniter\Database\BaseConnection->simpleQuery('INSERT INTO `funcionario` (`primeiro_nome`, `cpf_cnpj`, `email`, `data_nascimento`, `telefone`, `senha`, `tipo_usuario`, `istatus`) VALUES (\'Gabriel\', \'50280789807\', \'gabriel@email.com\', \'2000-01-01\', \'11999999999\', \'$2y$10$xVNxHLpp64eWR1vqUB9jG.cDrjtGhQ1M2HzPymH2osQZXuOl3AqJS\', \'FUNCIONARIO\', \'ATIVO\')')
 4 SYSTEMPATH\Database\BaseBuilder.php(2345): CodeIgniter\Database\BaseConnection->query('INSERT INTO `funcionario` (`primeiro_nome`, `cpf_cnpj`, `email`, `data_nascimento`, `telefone`, `senha`, `tipo_usuario`, `istatus`) VALUES (:primeiro_nome:, :cpf_cnpj:, :email:, :data_nascimento:, :telefone:, :senha:, :tipo_usuario:, :istatus:)', [...], false)
 5 SYSTEMPATH\Model.php(355): CodeIgniter\Database\BaseBuilder->insert()
 6 SYSTEMPATH\BaseModel.php(899): CodeIgniter\Model->doInsert([...])
 7 SYSTEMPATH\Model.php(668): CodeIgniter\BaseModel->insert([...], true)
 8 APPPATH\Models\UsuarioModel.php(27): CodeIgniter\Model->insert([...])
 9 APPPATH\Controllers\Usuarios.php(232): App\Models\UsuarioModel->inserir([...])
10 SYSTEMPATH\CodeIgniter.php(951): App\Controllers\Usuarios->inserir()
11 SYSTEMPATH\CodeIgniter.php(497): CodeIgniter\CodeIgniter->runController(Object(App\Controllers\Usuarios))
12 SYSTEMPATH\CodeIgniter.php(340): CodeIgniter\CodeIgniter->handleRequest(null, Object(Config\Cache), false)
13 SYSTEMPATH\Boot.php(417): CodeIgniter\CodeIgniter->run()
14 SYSTEMPATH\Boot.php(68): CodeIgniter\Boot::runCodeIgniter(Object(CodeIgniter\CodeIgniter))
15 FCPATH\index.php(59): CodeIgniter\Boot::bootWeb(Object(Config\Paths))
