CRITICAL - 2026-03-22 23:00:32 --> Error: Call to undefined function App\Controllers\verificarParam()
[Method: POST, Route: usuarios/inserir]
in APPPATH\Controllers\Usuarios.php on line 119.
 1 SYSTEMPATH\CodeIgniter.php(951): App\Controllers\Usuarios->inserir()
 2 SYSTEMPATH\CodeIgniter.php(497): CodeIgniter\CodeIgniter->runController(Object(App\Controllers\Usuarios))
 3 SYSTEMPATH\CodeIgniter.php(340): CodeIgniter\CodeIgniter->handleRequest(null, Object(Config\Cache), false)
 4 SYSTEMPATH\Boot.php(417): CodeIgniter\CodeIgniter->run()
 5 SYSTEMPATH\Boot.php(68): CodeIgniter\Boot::runCodeIgniter(Object(CodeIgniter\CodeIgniter))
 6 FCPATH\index.php(59): CodeIgniter\Boot::bootWeb(Object(Config\Paths))
CRITICAL - 2026-03-22 23:00:52 --> Error: Call to undefined function App\Controllers\verificarParam()
[Method: POST, Route: usuarios/inserir]
in APPPATH\Controllers\Usuarios.php on line 119.
 1 SYSTEMPATH\CodeIgniter.php(951): App\Controllers\Usuarios->inserir()
 2 SYSTEMPATH\CodeIgniter.php(497): CodeIgniter\CodeIgniter->runController(Object(App\Controllers\Usuarios))
 3 SYSTEMPATH\CodeIgniter.php(340): CodeIgniter\CodeIgniter->handleRequest(null, Object(Config\Cache), false)
 4 SYSTEMPATH\Boot.php(417): CodeIgniter\CodeIgniter->run()
 5 SYSTEMPATH\Boot.php(68): CodeIgniter\Boot::runCodeIgniter(Object(CodeIgniter\CodeIgniter))
 6 FCPATH\index.php(59): CodeIgniter\Boot::bootWeb(Object(Config\Paths))
CRITICAL - 2026-03-22 23:01:45 --> Error: Call to undefined function App\Controllers\verificarParam()
[Method: POST, Route: usuarios/inserir]
in APPPATH\Controllers\Usuarios.php on line 119.
 1 SYSTEMPATH\CodeIgniter.php(951): App\Controllers\Usuarios->inserir()
 2 SYSTEMPATH\CodeIgniter.php(497): CodeIgniter\CodeIgniter->runController(Object(App\Controllers\Usuarios))
 3 SYSTEMPATH\CodeIgniter.php(340): CodeIgniter\CodeIgniter->handleRequest(null, Object(Config\Cache), false)
 4 SYSTEMPATH\Boot.php(417): CodeIgniter\CodeIgniter->run()
 5 SYSTEMPATH\Boot.php(68): CodeIgniter\Boot::runCodeIgniter(Object(CodeIgniter\CodeIgniter))
 6 FCPATH\index.php(59): CodeIgniter\Boot::bootWeb(Object(Config\Paths))
CRITICAL - 2026-03-22 23:05:00 --> Error: Call to undefined function App\Controllers\verificarParam()
[Method: POST, Route: usuarios/inserir]
in APPPATH\Controllers\Usuarios.php on line 119.
 1 SYSTEMPATH\CodeIgniter.php(951): App\Controllers\Usuarios->inserir()
 2 SYSTEMPATH\CodeIgniter.php(497): CodeIgniter\CodeIgniter->runController(Object(App\Controllers\Usuarios))
 3 SYSTEMPATH\CodeIgniter.php(340): CodeIgniter\CodeIgniter->handleRequest(null, Object(Config\Cache), false)
 4 SYSTEMPATH\Boot.php(417): CodeIgniter\CodeIgniter->run()
 5 SYSTEMPATH\Boot.php(68): CodeIgniter\Boot::runCodeIgniter(Object(CodeIgniter\CodeIgniter))
 6 FCPATH\index.php(59): CodeIgniter\Boot::bootWeb(Object(Config\Paths))
CRITICAL - 2026-03-22 23:05:01 --> Error: Call to undefined function App\Controllers\verificarParam()
[Method: POST, Route: usuarios/inserir]
in APPPATH\Controllers\Usuarios.php on line 119.
 1 SYSTEMPATH\CodeIgniter.php(951): App\Controllers\Usuarios->inserir()
 2 SYSTEMPATH\CodeIgniter.php(497): CodeIgniter\CodeIgniter->runController(Object(App\Controllers\Usuarios))
 3 SYSTEMPATH\CodeIgniter.php(340): CodeIgniter\CodeIgniter->handleRequest(null, Object(Config\Cache), false)
 4 SYSTEMPATH\Boot.php(417): CodeIgniter\CodeIgniter->run()
 5 SYSTEMPATH\Boot.php(68): CodeIgniter\Boot::runCodeIgniter(Object(CodeIgniter\CodeIgniter))
 6 FCPATH\index.php(59): CodeIgniter\Boot::bootWeb(Object(Config\Paths))
CRITICAL - 2026-03-22 23:17:00 --> Error: Call to undefined function App\Controllers\verificarParam()
[Method: POST, Route: usuarios/inserir]
in APPPATH\Controllers\Usuarios.php on line 120.
 1 SYSTEMPATH\CodeIgniter.php(951): App\Controllers\Usuarios->inserir()
 2 SYSTEMPATH\CodeIgniter.php(497): CodeIgniter\CodeIgniter->runController(Object(App\Controllers\Usuarios))
 3 SYSTEMPATH\CodeIgniter.php(340): CodeIgniter\CodeIgniter->handleRequest(null, Object(Config\Cache), false)
 4 SYSTEMPATH\Boot.php(417): CodeIgniter\CodeIgniter->run()
 5 SYSTEMPATH\Boot.php(68): CodeIgniter\Boot::runCodeIgniter(Object(CodeIgniter\CodeIgniter))
 6 FCPATH\index.php(59): CodeIgniter\Boot::bootWeb(Object(Config\Paths))
CRITICAL - 2026-03-22 23:17:01 --> Error: Call to undefined function App\Controllers\verificarParam()
[Method: POST, Route: usuarios/inserir]
in APPPATH\Controllers\Usuarios.php on line 120.
 1 SYSTEMPATH\CodeIgniter.php(951): App\Controllers\Usuarios->inserir()
 2 SYSTEMPATH\CodeIgniter.php(497): CodeIgniter\CodeIgniter->runController(Object(App\Controllers\Usuarios))
 3 SYSTEMPATH\CodeIgniter.php(340): CodeIgniter\CodeIgniter->handleRequest(null, Object(Config\Cache), false)
 4 SYSTEMPATH\Boot.php(417): CodeIgniter\CodeIgniter->run()
 5 SYSTEMPATH\Boot.php(68): CodeIgniter\Boot::runCodeIgniter(Object(CodeIgniter\CodeIgniter))
 6 FCPATH\index.php(59): CodeIgniter\Boot::bootWeb(Object(Config\Paths))
CRITICAL - 2026-03-22 23:21:32 --> Error: Call to undefined function App\Controllers\verificarParam()
[Method: POST, Route: usuarios/inserir]
in APPPATH\Controllers\Usuarios.php on line 131.
 1 SYSTEMPATH\CodeIgniter.php(951): App\Controllers\Usuarios->inserir()
 2 SYSTEMPATH\CodeIgniter.php(497): CodeIgniter\CodeIgniter->runController(Object(App\Controllers\Usuarios))
 3 SYSTEMPATH\CodeIgniter.php(340): CodeIgniter\CodeIgniter->handleRequest(null, Object(Config\Cache), false)
 4 SYSTEMPATH\Boot.php(417): CodeIgniter\CodeIgniter->run()
 5 SYSTEMPATH\Boot.php(68): CodeIgniter\Boot::runCodeIgniter(Object(CodeIgniter\CodeIgniter))
 6 FCPATH\index.php(59): CodeIgniter\Boot::bootWeb(Object(Config\Paths))
CRITICAL - 2026-03-22 23:21:33 --> Error: Call to undefined function App\Controllers\verificarParam()
[Method: POST, Route: usuarios/inserir]
in APPPATH\Controllers\Usuarios.php on line 131.
 1 SYSTEMPATH\CodeIgniter.php(951): App\Controllers\Usuarios->inserir()
 2 SYSTEMPATH\CodeIgniter.php(497): CodeIgniter\CodeIgniter->runController(Object(App\Controllers\Usuarios))
 3 SYSTEMPATH\CodeIgniter.php(340): CodeIgniter\CodeIgniter->handleRequest(null, Object(Config\Cache), false)
 4 SYSTEMPATH\Boot.php(417): CodeIgniter\CodeIgniter->run()
 5 SYSTEMPATH\Boot.php(68): CodeIgniter\Boot::runCodeIgniter(Object(CodeIgniter\CodeIgniter))
 6 FCPATH\index.php(59): CodeIgniter\Boot::bootWeb(Object(Config\Paths))
CRITICAL - 2026-03-22 23:21:47 --> Error: Call to undefined function App\Controllers\verificarParam()
[Method: POST, Route: usuarios/inserir]
in APPPATH\Controllers\Usuarios.php on line 131.
 1 SYSTEMPATH\CodeIgniter.php(951): App\Controllers\Usuarios->inserir()
 2 SYSTEMPATH\CodeIgniter.php(497): CodeIgniter\CodeIgniter->runController(Object(App\Controllers\Usuarios))
 3 SYSTEMPATH\CodeIgniter.php(340): CodeIgniter\CodeIgniter->handleRequest(null, Object(Config\Cache), false)
 4 SYSTEMPATH\Boot.php(417): CodeIgniter\CodeIgniter->run()
 5 SYSTEMPATH\Boot.php(68): CodeIgniter\Boot::runCodeIgniter(Object(CodeIgniter\CodeIgniter))
 6 FCPATH\index.php(59): CodeIgniter\Boot::bootWeb(Object(Config\Paths))
CRITICAL - 2026-03-22 23:21:56 --> Error: Call to undefined function App\Controllers\verificarParam()
[Method: POST, Route: usuarios/inserir]
in APPPATH\Controllers\Usuarios.php on line 131.
 1 SYSTEMPATH\CodeIgniter.php(951): App\Controllers\Usuarios->inserir()
 2 SYSTEMPATH\CodeIgniter.php(497): CodeIgniter\CodeIgniter->runController(Object(App\Controllers\Usuarios))
 3 SYSTEMPATH\CodeIgniter.php(340): CodeIgniter\CodeIgniter->handleRequest(null, Object(Config\Cache), false)
 4 SYSTEMPATH\Boot.php(417): CodeIgniter\CodeIgniter->run()
 5 SYSTEMPATH\Boot.php(68): CodeIgniter\Boot::runCodeIgniter(Object(CodeIgniter\CodeIgniter))
 6 FCPATH\index.php(59): CodeIgniter\Boot::bootWeb(Object(Config\Paths))
CRITICAL - 2026-03-22 23:28:52 --> ErrorException: The use statement with non-compound name 'DateTime' has no effect
[Method: POST, Route: usuarios/inserir]
in APPPATH\Helpers\helper_helper.php on line 3.
 1 SYSTEMPATH\Common.php(671): CodeIgniter\Debug\Exceptions->errorHandler(2, 'The use statement with non-compound name \'DateTime\' has no effect', 'C:\\xampp\\htdocs\\TG_AGM-Park\\app\\Helpers\\helper_helper.php', 3)
 2 SYSTEMPATH\Common.php(671): include_once()
 3 APPPATH\Controllers\Usuarios.php(101): helper([...])
 4 SYSTEMPATH\CodeIgniter.php(951): App\Controllers\Usuarios->inserir()
 5 SYSTEMPATH\CodeIgniter.php(497): CodeIgniter\CodeIgniter->runController(Object(App\Controllers\Usuarios))
 6 SYSTEMPATH\CodeIgniter.php(340): CodeIgniter\CodeIgniter->handleRequest(null, Object(Config\Cache), false)
 7 SYSTEMPATH\Boot.php(417): CodeIgniter\CodeIgniter->run()
 8 SYSTEMPATH\Boot.php(68): CodeIgniter\Boot::runCodeIgniter(Object(CodeIgniter\CodeIgniter))
 9 FCPATH\index.php(59): CodeIgniter\Boot::bootWeb(Object(Config\Paths))
CRITICAL - 2026-03-22 23:28:53 --> ErrorException: The use statement with non-compound name 'DateTime' has no effect
[Method: POST, Route: usuarios/inserir]
in APPPATH\Helpers\helper_helper.php on line 3.
 1 SYSTEMPATH\Common.php(671): CodeIgniter\Debug\Exceptions->errorHandler(2, 'The use statement with non-compound name \'DateTime\' has no effect', 'C:\\xampp\\htdocs\\TG_AGM-Park\\app\\Helpers\\helper_helper.php', 3)
 2 SYSTEMPATH\Common.php(671): include_once()
 3 APPPATH\Controllers\Usuarios.php(101): helper([...])
 4 SYSTEMPATH\CodeIgniter.php(951): App\Controllers\Usuarios->inserir()
 5 SYSTEMPATH\CodeIgniter.php(497): CodeIgniter\CodeIgniter->runController(Object(App\Controllers\Usuarios))
 6 SYSTEMPATH\CodeIgniter.php(340): CodeIgniter\CodeIgniter->handleRequest(null, Object(Config\Cache), false)
 7 SYSTEMPATH\Boot.php(417): CodeIgniter\CodeIgniter->run()
 8 SYSTEMPATH\Boot.php(68): CodeIgniter\Boot::runCodeIgniter(Object(CodeIgniter\CodeIgniter))
 9 FCPATH\index.php(59): CodeIgniter\Boot::bootWeb(Object(Config\Paths))
CRITICAL - 2026-03-22 23:35:14 --> Error: Class "App\Models\UsuarioModel" not found
[Method: POST, Route: usuarios/inserir]
in APPPATH\Controllers\Usuarios.php on line 101.
 1 SYSTEMPATH\CodeIgniter.php(951): App\Controllers\Usuarios->inserir()
 2 SYSTEMPATH\CodeIgniter.php(497): CodeIgniter\CodeIgniter->runController(Object(App\Controllers\Usuarios))
 3 SYSTEMPATH\CodeIgniter.php(340): CodeIgniter\CodeIgniter->handleRequest(null, Object(Config\Cache), false)
 4 SYSTEMPATH\Boot.php(417): CodeIgniter\CodeIgniter->run()
 5 SYSTEMPATH\Boot.php(68): CodeIgniter\Boot::runCodeIgniter(Object(CodeIgniter\CodeIgniter))
 6 FCPATH\index.php(59): CodeIgniter\Boot::bootWeb(Object(Config\Paths))
CRITICAL - 2026-03-22 23:35:16 --> Error: Class "App\Models\UsuarioModel" not found
[Method: POST, Route: usuarios/inserir]
in APPPATH\Controllers\Usuarios.php on line 101.
 1 SYSTEMPATH\CodeIgniter.php(951): App\Controllers\Usuarios->inserir()
 2 SYSTEMPATH\CodeIgniter.php(497): CodeIgniter\CodeIgniter->runController(Object(App\Controllers\Usuarios))
 3 SYSTEMPATH\CodeIgniter.php(340): CodeIgniter\CodeIgniter->handleRequest(null, Object(Config\Cache), false)
 4 SYSTEMPATH\Boot.php(417): CodeIgniter\CodeIgniter->run()
 5 SYSTEMPATH\Boot.php(68): CodeIgniter\Boot::runCodeIgniter(Object(CodeIgniter\CodeIgniter))
 6 FCPATH\index.php(59): CodeIgniter\Boot::bootWeb(Object(Config\Paths))
CRITICAL - 2026-03-22 23:36:06 --> Error: Class "App\Models\UsuarioModel" not found
[Method: POST, Route: usuarios/inserir]
in APPPATH\Controllers\Usuarios.php on line 101.
 1 SYSTEMPATH\CodeIgniter.php(951): App\Controllers\Usuarios->inserir()
 2 SYSTEMPATH\CodeIgniter.php(497): CodeIgniter\CodeIgniter->runController(Object(App\Controllers\Usuarios))
 3 SYSTEMPATH\CodeIgniter.php(340): CodeIgniter\CodeIgniter->handleRequest(null, Object(Config\Cache), false)
 4 SYSTEMPATH\Boot.php(417): CodeIgniter\CodeIgniter->run()
 5 SYSTEMPATH\Boot.php(68): CodeIgniter\Boot::runCodeIgniter(Object(CodeIgniter\CodeIgniter))
 6 FCPATH\index.php(59): CodeIgniter\Boot::bootWeb(Object(Config\Paths))
CRITICAL - 2026-03-22 23:45:26 --> Error: Class "App\Models\UsuarioModel" not found
[Method: POST, Route: usuarios/inserir]
in APPPATH\Controllers\Usuarios.php on line 101.
 1 SYSTEMPATH\CodeIgniter.php(951): App\Controllers\Usuarios->inserir()
 2 SYSTEMPATH\CodeIgniter.php(497): CodeIgniter\CodeIgniter->runController(Object(App\Controllers\Usuarios))
 3 SYSTEMPATH\CodeIgniter.php(340): CodeIgniter\CodeIgniter->handleRequest(null, Object(Config\Cache), false)
 4 SYSTEMPATH\Boot.php(417): CodeIgniter\CodeIgniter->run()
 5 SYSTEMPATH\Boot.php(68): CodeIgniter\Boot::runCodeIgniter(Object(CodeIgniter\CodeIgniter))
 6 FCPATH\index.php(59): CodeIgniter\Boot::bootWeb(Object(Config\Paths))
CRITICAL - 2026-03-22 23:45:27 --> Error: Class "App\Models\UsuarioModel" not found
[Method: POST, Route: usuarios/inserir]
in APPPATH\Controllers\Usuarios.php on line 101.
 1 SYSTEMPATH\CodeIgniter.php(951): App\Controllers\Usuarios->inserir()
 2 SYSTEMPATH\CodeIgniter.php(497): CodeIgniter\CodeIgniter->runController(Object(App\Controllers\Usuarios))
 3 SYSTEMPATH\CodeIgniter.php(340): CodeIgniter\CodeIgniter->handleRequest(null, Object(Config\Cache), false)
 4 SYSTEMPATH\Boot.php(417): CodeIgniter\CodeIgniter->run()
 5 SYSTEMPATH\Boot.php(68): CodeIgniter\Boot::runCodeIgniter(Object(CodeIgniter\CodeIgniter))
 6 FCPATH\index.php(59): CodeIgniter\Boot::bootWeb(Object(Config\Paths))
CRITICAL - 2026-03-22 23:47:42 --> Error: Class "App\Models\UsuarioModel" not found
[Method: POST, Route: usuarios/inserir]
in APPPATH\Controllers\Usuarios.php on line 101.
 1 SYSTEMPATH\CodeIgniter.php(951): App\Controllers\Usuarios->inserir()
 2 SYSTEMPATH\CodeIgniter.php(497): CodeIgniter\CodeIgniter->runController(Object(App\Controllers\Usuarios))
 3 SYSTEMPATH\CodeIgniter.php(340): CodeIgniter\CodeIgniter->handleRequest(null, Object(Config\Cache), false)
 4 SYSTEMPATH\Boot.php(417): CodeIgniter\CodeIgniter->run()
 5 SYSTEMPATH\Boot.php(68): CodeIgniter\Boot::runCodeIgniter(Object(CodeIgniter\CodeIgniter))
 6 FCPATH\index.php(59): CodeIgniter\Boot::bootWeb(Object(Config\Paths))
CRITICAL - 2026-03-22 23:47:43 --> Error: Class "App\Models\UsuarioModel" not found
[Method: POST, Route: usuarios/inserir]
in APPPATH\Controllers\Usuarios.php on line 101.
 1 SYSTEMPATH\CodeIgniter.php(951): App\Controllers\Usuarios->inserir()
 2 SYSTEMPATH\CodeIgniter.php(497): CodeIgniter\CodeIgniter->runController(Object(App\Controllers\Usuarios))
 3 SYSTEMPATH\CodeIgniter.php(340): CodeIgniter\CodeIgniter->handleRequest(null, Object(Config\Cache), false)
 4 SYSTEMPATH\Boot.php(417): CodeIgniter\CodeIgniter->run()
 5 SYSTEMPATH\Boot.php(68): CodeIgniter\Boot::runCodeIgniter(Object(CodeIgniter\CodeIgniter))
 6 FCPATH\index.php(59): CodeIgniter\Boot::bootWeb(Object(Config\Paths))
CRITICAL - 2026-03-22 23:47:53 --> Error: Class "App\Models\UsuarioModel" not found
[Method: POST, Route: usuarios/inserir]
in APPPATH\Controllers\Usuarios.php on line 101.
 1 SYSTEMPATH\CodeIgniter.php(951): App\Controllers\Usuarios->inserir()
 2 SYSTEMPATH\CodeIgniter.php(497): CodeIgniter\CodeIgniter->runController(Object(App\Controllers\Usuarios))
 3 SYSTEMPATH\CodeIgniter.php(340): CodeIgniter\CodeIgniter->handleRequest(null, Object(Config\Cache), false)
 4 SYSTEMPATH\Boot.php(417): CodeIgniter\CodeIgniter->run()
 5 SYSTEMPATH\Boot.php(68): CodeIgniter\Boot::runCodeIgniter(Object(CodeIgniter\CodeIgniter))
 6 FCPATH\index.php(59): CodeIgniter\Boot::bootWeb(Object(Config\Paths))
CRITICAL - 2026-03-22 23:51:21 --> Error: Class "App\Models\UsuarioModel" not found
[Method: POST, Route: usuarios/inserir]
in APPPATH\Controllers\Usuarios.php on line 101.
 1 SYSTEMPATH\CodeIgniter.php(951): App\Controllers\Usuarios->inserir()
 2 SYSTEMPATH\CodeIgniter.php(497): CodeIgniter\CodeIgniter->runController(Object(App\Controllers\Usuarios))
 3 SYSTEMPATH\CodeIgniter.php(340): CodeIgniter\CodeIgniter->handleRequest(null, Object(Config\Cache), false)
 4 SYSTEMPATH\Boot.php(417): CodeIgniter\CodeIgniter->run()
 5 SYSTEMPATH\Boot.php(68): CodeIgniter\Boot::runCodeIgniter(Object(CodeIgniter\CodeIgniter))
 6 FCPATH\index.php(59): CodeIgniter\Boot::bootWeb(Object(Config\Paths))
CRITICAL - 2026-03-22 23:51:31 --> Error: Class "App\Models\UsuarioModel" not found
[Method: POST, Route: usuarios/inserir]
in APPPATH\Controllers\Usuarios.php on line 101.
 1 SYSTEMPATH\CodeIgniter.php(951): App\Controllers\Usuarios->inserir()
 2 SYSTEMPATH\CodeIgniter.php(497): CodeIgniter\CodeIgniter->runController(Object(App\Controllers\Usuarios))
 3 SYSTEMPATH\CodeIgniter.php(340): CodeIgniter\CodeIgniter->handleRequest(null, Object(Config\Cache), false)
 4 SYSTEMPATH\Boot.php(417): CodeIgniter\CodeIgniter->run()
 5 SYSTEMPATH\Boot.php(68): CodeIgniter\Boot::runCodeIgniter(Object(CodeIgniter\CodeIgniter))
 6 FCPATH\index.php(59): CodeIgniter\Boot::bootWeb(Object(Config\Paths))
