ERROR - 2026-04-10 01:04:33 --> Duplicate entry 'ABC2D23' for key 'veiculos.placa'
in SYSTEMPATH\Database\MySQLi\Connection.php on line 300.
 1 SYSTEMPATH\Database\MySQLi\Connection.php(300): mysqli->query('INSERT INTO `veiculos` (`modelo`, `placa`) VALUES (\'trrtsg\', \'ABC2D23\')', 0)
 2 SYSTEMPATH\Database\BaseConnection.php(910): CodeIgniter\Database\MySQLi\Connection->execute('INSERT INTO `veiculos` (`modelo`, `placa`) VALUES (\'trrtsg\', \'ABC2D23\')')
 3 SYSTEMPATH\Database\BaseConnection.php(827): CodeIgniter\Database\BaseConnection->simpleQuery('INSERT INTO `veiculos` (`modelo`, `placa`) VALUES (\'trrtsg\', \'ABC2D23\')')
 4 SYSTEMPATH\Database\BaseBuilder.php(2345): CodeIgniter\Database\BaseConnection->query('INSERT INTO `veiculos` (`modelo`, `placa`) VALUES (:modelo:, :placa:)', [...], false)
 5 SYSTEMPATH\Model.php(355): CodeIgniter\Database\BaseBuilder->insert()
 6 SYSTEMPATH\BaseModel.php(899): CodeIgniter\Model->doInsert([...])
 7 SYSTEMPATH\Model.php(668): CodeIgniter\BaseModel->insert([...], true)
 8 APPPATH\Controllers\Veiculos.php(87): CodeIgniter\Model->insert([...])
 9 SYSTEMPATH\CodeIgniter.php(951): App\Controllers\Veiculos->inserir()
10 SYSTEMPATH\CodeIgniter.php(497): CodeIgniter\CodeIgniter->runController(Object(App\Controllers\Veiculos))
11 SYSTEMPATH\CodeIgniter.php(340): CodeIgniter\CodeIgniter->handleRequest(null, Object(Config\Cache), false)
12 SYSTEMPATH\Boot.php(417): CodeIgniter\CodeIgniter->run()
13 SYSTEMPATH\Boot.php(68): CodeIgniter\Boot::runCodeIgniter(Object(CodeIgniter\CodeIgniter))
14 FCPATH\index.php(59): CodeIgniter\Boot::bootWeb(Object(Config\Paths))
CRITICAL - 2026-04-10 01:06:17 --> ErrorException: Undefined property: stdClass::$id_funcionario
[Method: PUT, Route: veiculos/atualizar/1]
in APPPATH\Controllers\Veiculos.php on line 152.
 1 APPPATH\Controllers\Veiculos.php(152): CodeIgniter\Debug\Exceptions->errorHandler(2, 'Undefined property: stdClass::$id_funcionario', 'C:\\xampp\\htdocs\\AGMPark\\TG_AGM-Park\\app\\Controllers\\Veiculos.php', 152)
 2 SYSTEMPATH\CodeIgniter.php(951): App\Controllers\Veiculos->atualizar('1')
 3 SYSTEMPATH\CodeIgniter.php(497): CodeIgniter\CodeIgniter->runController(Object(App\Controllers\Veiculos))
 4 SYSTEMPATH\CodeIgniter.php(340): CodeIgniter\CodeIgniter->handleRequest(null, Object(Config\Cache), false)
 5 SYSTEMPATH\Boot.php(417): CodeIgniter\CodeIgniter->run()
 6 SYSTEMPATH\Boot.php(68): CodeIgniter\Boot::runCodeIgniter(Object(CodeIgniter\CodeIgniter))
 7 FCPATH\index.php(59): CodeIgniter\Boot::bootWeb(Object(Config\Paths))
CRITICAL - 2026-04-10 01:07:08 --> ErrorException: Undefined property: stdClass::$id_funcionario
[Method: PUT, Route: veiculos/atualizar/1]
in APPPATH\Controllers\Veiculos.php on line 152.
 1 APPPATH\Controllers\Veiculos.php(152): CodeIgniter\Debug\Exceptions->errorHandler(2, 'Undefined property: stdClass::$id_funcionario', 'C:\\xampp\\htdocs\\AGMPark\\TG_AGM-Park\\app\\Controllers\\Veiculos.php', 152)
 2 SYSTEMPATH\CodeIgniter.php(951): App\Controllers\Veiculos->atualizar('1')
 3 SYSTEMPATH\CodeIgniter.php(497): CodeIgniter\CodeIgniter->runController(Object(App\Controllers\Veiculos))
 4 SYSTEMPATH\CodeIgniter.php(340): CodeIgniter\CodeIgniter->handleRequest(null, Object(Config\Cache), false)
 5 SYSTEMPATH\Boot.php(417): CodeIgniter\CodeIgniter->run()
 6 SYSTEMPATH\Boot.php(68): CodeIgniter\Boot::runCodeIgniter(Object(CodeIgniter\CodeIgniter))
 7 FCPATH\index.php(59): CodeIgniter\Boot::bootWeb(Object(Config\Paths))
CRITICAL - 2026-04-10 01:07:30 --> ErrorException: Undefined property: stdClass::$id_funcionario
[Method: PUT, Route: veiculos/atualizar/1]
in APPPATH\Controllers\Veiculos.php on line 152.
 1 APPPATH\Controllers\Veiculos.php(152): CodeIgniter\Debug\Exceptions->errorHandler(2, 'Undefined property: stdClass::$id_funcionario', 'C:\\xampp\\htdocs\\AGMPark\\TG_AGM-Park\\app\\Controllers\\Veiculos.php', 152)
 2 SYSTEMPATH\CodeIgniter.php(951): App\Controllers\Veiculos->atualizar('1')
 3 SYSTEMPATH\CodeIgniter.php(497): CodeIgniter\CodeIgniter->runController(Object(App\Controllers\Veiculos))
 4 SYSTEMPATH\CodeIgniter.php(340): CodeIgniter\CodeIgniter->handleRequest(null, Object(Config\Cache), false)
 5 SYSTEMPATH\Boot.php(417): CodeIgniter\CodeIgniter->run()
 6 SYSTEMPATH\Boot.php(68): CodeIgniter\Boot::runCodeIgniter(Object(CodeIgniter\CodeIgniter))
 7 FCPATH\index.php(59): CodeIgniter\Boot::bootWeb(Object(Config\Paths))
CRITICAL - 2026-04-10 01:08:18 --> ErrorException: Undefined property: stdClass::$id_funcionario
[Method: PUT, Route: veiculos/atualizar/1]
in APPPATH\Controllers\Veiculos.php on line 152.
 1 APPPATH\Controllers\Veiculos.php(152): CodeIgniter\Debug\Exceptions->errorHandler(2, 'Undefined property: stdClass::$id_funcionario', 'C:\\xampp\\htdocs\\AGMPark\\TG_AGM-Park\\app\\Controllers\\Veiculos.php', 152)
 2 SYSTEMPATH\CodeIgniter.php(951): App\Controllers\Veiculos->atualizar('1')
 3 SYSTEMPATH\CodeIgniter.php(497): CodeIgniter\CodeIgniter->runController(Object(App\Controllers\Veiculos))
 4 SYSTEMPATH\CodeIgniter.php(340): CodeIgniter\CodeIgniter->handleRequest(null, Object(Config\Cache), false)
 5 SYSTEMPATH\Boot.php(417): CodeIgniter\CodeIgniter->run()
 6 SYSTEMPATH\Boot.php(68): CodeIgniter\Boot::runCodeIgniter(Object(CodeIgniter\CodeIgniter))
 7 FCPATH\index.php(59): CodeIgniter\Boot::bootWeb(Object(Config\Paths))
CRITICAL - 2026-04-10 01:08:26 --> ErrorException: Undefined property: stdClass::$id_funcionario
[Method: PUT, Route: veiculos/atualizar/1]
in APPPATH\Controllers\Veiculos.php on line 152.
 1 APPPATH\Controllers\Veiculos.php(152): CodeIgniter\Debug\Exceptions->errorHandler(2, 'Undefined property: stdClass::$id_funcionario', 'C:\\xampp\\htdocs\\AGMPark\\TG_AGM-Park\\app\\Controllers\\Veiculos.php', 152)
 2 SYSTEMPATH\CodeIgniter.php(951): App\Controllers\Veiculos->atualizar('1')
 3 SYSTEMPATH\CodeIgniter.php(497): CodeIgniter\CodeIgniter->runController(Object(App\Controllers\Veiculos))
 4 SYSTEMPATH\CodeIgniter.php(340): CodeIgniter\CodeIgniter->handleRequest(null, Object(Config\Cache), false)
 5 SYSTEMPATH\Boot.php(417): CodeIgniter\CodeIgniter->run()
 6 SYSTEMPATH\Boot.php(68): CodeIgniter\Boot::runCodeIgniter(Object(CodeIgniter\CodeIgniter))
 7 FCPATH\index.php(59): CodeIgniter\Boot::bootWeb(Object(Config\Paths))
CRITICAL - 2026-04-10 01:08:38 --> ErrorException: Undefined property: stdClass::$id_funcionario
[Method: PUT, Route: veiculos/atualizar/1]
in APPPATH\Controllers\Veiculos.php on line 152.
 1 APPPATH\Controllers\Veiculos.php(152): CodeIgniter\Debug\Exceptions->errorHandler(2, 'Undefined property: stdClass::$id_funcionario', 'C:\\xampp\\htdocs\\AGMPark\\TG_AGM-Park\\app\\Controllers\\Veiculos.php', 152)
 2 SYSTEMPATH\CodeIgniter.php(951): App\Controllers\Veiculos->atualizar('1')
 3 SYSTEMPATH\CodeIgniter.php(497): CodeIgniter\CodeIgniter->runController(Object(App\Controllers\Veiculos))
 4 SYSTEMPATH\CodeIgniter.php(340): CodeIgniter\CodeIgniter->handleRequest(null, Object(Config\Cache), false)
 5 SYSTEMPATH\Boot.php(417): CodeIgniter\CodeIgniter->run()
 6 SYSTEMPATH\Boot.php(68): CodeIgniter\Boot::runCodeIgniter(Object(CodeIgniter\CodeIgniter))
 7 FCPATH\index.php(59): CodeIgniter\Boot::bootWeb(Object(Config\Paths))
