ERROR - 2026-04-29 00:52:15 --> Duplicate entry '5-QUA' for key 'horarios_funcionamento.id_estacionamento'
in SYSTEMPATH\Database\MySQLi\Connection.php on line 300.
 1 SYSTEMPATH\Database\MySQLi\Connection.php(300): mysqli->query('INSERT INTO `horarios_funcionamento` (`id_estacionamento`, `dia_semana`, `hora_abertura`, `hora_fechamento`, `status`) VALUES (5, \'QUA\', \'09:00\', \'20:00\', \'ATIVO\')', 0)
 2 SYSTEMPATH\Database\BaseConnection.php(910): CodeIgniter\Database\MySQLi\Connection->execute('INSERT INTO `horarios_funcionamento` (`id_estacionamento`, `dia_semana`, `hora_abertura`, `hora_fechamento`, `status`) VALUES (5, \'QUA\', \'09:00\', \'20:00\', \'ATIVO\')')
 3 SYSTEMPATH\Database\BaseConnection.php(827): CodeIgniter\Database\BaseConnection->simpleQuery('INSERT INTO `horarios_funcionamento` (`id_estacionamento`, `dia_semana`, `hora_abertura`, `hora_fechamento`, `status`) VALUES (5, \'QUA\', \'09:00\', \'20:00\', \'ATIVO\')')
 4 SYSTEMPATH\Database\BaseBuilder.php(2345): CodeIgniter\Database\BaseConnection->query('INSERT INTO `horarios_funcionamento` (`id_estacionamento`, `dia_semana`, `hora_abertura`, `hora_fechamento`, `status`) VALUES (:id_estacionamento:, :dia_semana:, :hora_abertura:, :hora_fechamento:, :status:)', [...], false)
 5 SYSTEMPATH\Model.php(355): CodeIgniter\Database\BaseBuilder->insert()
 6 SYSTEMPATH\BaseModel.php(899): CodeIgniter\Model->doInsert([...])
 7 SYSTEMPATH\Model.php(668): CodeIgniter\BaseModel->insert([...], true)
 8 APPPATH\Controllers\HorariosFuncionamento.php(153): CodeIgniter\Model->insert([...])
 9 SYSTEMPATH\CodeIgniter.php(951): App\Controllers\HorariosFuncionamento->inserir()
10 SYSTEMPATH\CodeIgniter.php(497): CodeIgniter\CodeIgniter->runController(Object(App\Controllers\HorariosFuncionamento))
11 SYSTEMPATH\CodeIgniter.php(340): CodeIgniter\CodeIgniter->handleRequest(null, Object(Config\Cache), false)
12 SYSTEMPATH\Boot.php(417): CodeIgniter\CodeIgniter->run()
13 SYSTEMPATH\Boot.php(68): CodeIgniter\Boot::runCodeIgniter(Object(CodeIgniter\CodeIgniter))
14 FCPATH\index.php(59): CodeIgniter\Boot::bootWeb(Object(Config\Paths))
ERROR - 2026-04-29 00:54:50 --> Duplicate entry '2-SEG' for key 'horarios_funcionamento.id_estacionamento'
in SYSTEMPATH\Database\MySQLi\Connection.php on line 300.
 1 SYSTEMPATH\Database\MySQLi\Connection.php(300): mysqli->query('INSERT INTO `horarios_funcionamento` (`id_estacionamento`, `dia_semana`, `hora_abertura`, `hora_fechamento`, `status`) VALUES (2, \'SEG\', \'09:00\', \'20:00\', \'ATIVO\')', 0)
 2 SYSTEMPATH\Database\BaseConnection.php(910): CodeIgniter\Database\MySQLi\Connection->execute('INSERT INTO `horarios_funcionamento` (`id_estacionamento`, `dia_semana`, `hora_abertura`, `hora_fechamento`, `status`) VALUES (2, \'SEG\', \'09:00\', \'20:00\', \'ATIVO\')')
 3 SYSTEMPATH\Database\BaseConnection.php(827): CodeIgniter\Database\BaseConnection->simpleQuery('INSERT INTO `horarios_funcionamento` (`id_estacionamento`, `dia_semana`, `hora_abertura`, `hora_fechamento`, `status`) VALUES (2, \'SEG\', \'09:00\', \'20:00\', \'ATIVO\')')
 4 SYSTEMPATH\Database\BaseBuilder.php(2345): CodeIgniter\Database\BaseConnection->query('INSERT INTO `horarios_funcionamento` (`id_estacionamento`, `dia_semana`, `hora_abertura`, `hora_fechamento`, `status`) VALUES (:id_estacionamento:, :dia_semana:, :hora_abertura:, :hora_fechamento:, :status:)', [...], false)
 5 SYSTEMPATH\Model.php(355): CodeIgniter\Database\BaseBuilder->insert()
 6 SYSTEMPATH\BaseModel.php(899): CodeIgniter\Model->doInsert([...])
 7 SYSTEMPATH\Model.php(668): CodeIgniter\BaseModel->insert([...], true)
 8 APPPATH\Controllers\HorariosFuncionamento.php(153): CodeIgniter\Model->insert([...])
 9 SYSTEMPATH\CodeIgniter.php(951): App\Controllers\HorariosFuncionamento->inserir()
10 SYSTEMPATH\CodeIgniter.php(497): CodeIgniter\CodeIgniter->runController(Object(App\Controllers\HorariosFuncionamento))
11 SYSTEMPATH\CodeIgniter.php(340): CodeIgniter\CodeIgniter->handleRequest(null, Object(Config\Cache), false)
12 SYSTEMPATH\Boot.php(417): CodeIgniter\CodeIgniter->run()
13 SYSTEMPATH\Boot.php(68): CodeIgniter\Boot::runCodeIgniter(Object(CodeIgniter\CodeIgniter))
14 FCPATH\index.php(59): CodeIgniter\Boot::bootWeb(Object(Config\Paths))
