ERROR - 2026-04-26 00:46:33 --> Cannot add or update a child row: a foreign key constraint fails (`testeagmpark`.`estadias`, CONSTRAINT `estadias_ibfk_3` FOREIGN KEY (`id_reserva`) REFERENCES `reservas` (`id_reserva`))
in SYSTEMPATH\Database\MySQLi\Connection.php on line 300.
 1 SYSTEMPATH\Database\MySQLi\Connection.php(300): mysqli->query('INSERT INTO `estadias` (`id_veiculo`, `id_vaga`, `id_reserva`, `data_entrada`, `data_saida`, `valor_total`, `status`) VALUES (6, 6, 8, \'2026-04-26 00:46:32\', NULL, 0, \'EM_ANDAMENTO\')', 0)
 2 SYSTEMPATH\Database\BaseConnection.php(910): CodeIgniter\Database\MySQLi\Connection->execute('INSERT INTO `estadias` (`id_veiculo`, `id_vaga`, `id_reserva`, `data_entrada`, `data_saida`, `valor_total`, `status`) VALUES (6, 6, 8, \'2026-04-26 00:46:32\', NULL, 0, \'EM_ANDAMENTO\')')
 3 SYSTEMPATH\Database\BaseConnection.php(827): CodeIgniter\Database\BaseConnection->simpleQuery('INSERT INTO `estadias` (`id_veiculo`, `id_vaga`, `id_reserva`, `data_entrada`, `data_saida`, `valor_total`, `status`) VALUES (6, 6, 8, \'2026-04-26 00:46:32\', NULL, 0, \'EM_ANDAMENTO\')')
 4 SYSTEMPATH\Database\BaseBuilder.php(2345): CodeIgniter\Database\BaseConnection->query('INSERT INTO `estadias` (`id_veiculo`, `id_vaga`, `id_reserva`, `data_entrada`, `data_saida`, `valor_total`, `status`) VALUES (:id_veiculo:, :id_vaga:, :id_reserva:, :data_entrada:, :data_saida:, :valor_total:, :status:)', [...], false)
 5 SYSTEMPATH\Model.php(355): CodeIgniter\Database\BaseBuilder->insert()
 6 SYSTEMPATH\BaseModel.php(899): CodeIgniter\Model->doInsert([...])
 7 SYSTEMPATH\Model.php(668): CodeIgniter\BaseModel->insert([...], true)
 8 APPPATH\Controllers\Estadias.php(137): CodeIgniter\Model->insert([...])
 9 SYSTEMPATH\CodeIgniter.php(951): App\Controllers\Estadias->inserir()
10 SYSTEMPATH\CodeIgniter.php(497): CodeIgniter\CodeIgniter->runController(Object(App\Controllers\Estadias))
11 SYSTEMPATH\CodeIgniter.php(340): CodeIgniter\CodeIgniter->handleRequest(null, Object(Config\Cache), false)
12 SYSTEMPATH\Boot.php(417): CodeIgniter\CodeIgniter->run()
13 SYSTEMPATH\Boot.php(68): CodeIgniter\Boot::runCodeIgniter(Object(CodeIgniter\CodeIgniter))
14 FCPATH\index.php(59): CodeIgniter\Boot::bootWeb(Object(Config\Paths))
ERROR - 2026-04-26 00:53:07 --> Cannot add or update a child row: a foreign key constraint fails (`testeagmpark`.`estadias`, CONSTRAINT `estadias_ibfk_3` FOREIGN KEY (`id_reserva`) REFERENCES `reservas` (`id_reserva`))
in SYSTEMPATH\Database\MySQLi\Connection.php on line 300.
 1 SYSTEMPATH\Database\MySQLi\Connection.php(300): mysqli->query('INSERT INTO `estadias` (`id_veiculo`, `id_vaga`, `id_reserva`, `data_entrada`, `data_saida`, `valor_total`, `status`) VALUES (6, 6, 8, \'2026-04-26 00:53:07\', NULL, 0, \'EM_ANDAMENTO\')', 0)
 2 SYSTEMPATH\Database\BaseConnection.php(910): CodeIgniter\Database\MySQLi\Connection->execute('INSERT INTO `estadias` (`id_veiculo`, `id_vaga`, `id_reserva`, `data_entrada`, `data_saida`, `valor_total`, `status`) VALUES (6, 6, 8, \'2026-04-26 00:53:07\', NULL, 0, \'EM_ANDAMENTO\')')
 3 SYSTEMPATH\Database\BaseConnection.php(827): CodeIgniter\Database\BaseConnection->simpleQuery('INSERT INTO `estadias` (`id_veiculo`, `id_vaga`, `id_reserva`, `data_entrada`, `data_saida`, `valor_total`, `status`) VALUES (6, 6, 8, \'2026-04-26 00:53:07\', NULL, 0, \'EM_ANDAMENTO\')')
 4 SYSTEMPATH\Database\BaseBuilder.php(2345): CodeIgniter\Database\BaseConnection->query('INSERT INTO `estadias` (`id_veiculo`, `id_vaga`, `id_reserva`, `data_entrada`, `data_saida`, `valor_total`, `status`) VALUES (:id_veiculo:, :id_vaga:, :id_reserva:, :data_entrada:, :data_saida:, :valor_total:, :status:)', [...], false)
 5 SYSTEMPATH\Model.php(355): CodeIgniter\Database\BaseBuilder->insert()
 6 SYSTEMPATH\BaseModel.php(899): CodeIgniter\Model->doInsert([...])
 7 SYSTEMPATH\Model.php(668): CodeIgniter\BaseModel->insert([...], true)
 8 APPPATH\Controllers\Estadias.php(137): CodeIgniter\Model->insert([...])
 9 SYSTEMPATH\CodeIgniter.php(951): App\Controllers\Estadias->inserir()
10 SYSTEMPATH\CodeIgniter.php(497): CodeIgniter\CodeIgniter->runController(Object(App\Controllers\Estadias))
11 SYSTEMPATH\CodeIgniter.php(340): CodeIgniter\CodeIgniter->handleRequest(null, Object(Config\Cache), false)
12 SYSTEMPATH\Boot.php(417): CodeIgniter\CodeIgniter->run()
13 SYSTEMPATH\Boot.php(68): CodeIgniter\Boot::runCodeIgniter(Object(CodeIgniter\CodeIgniter))
14 FCPATH\index.php(59): CodeIgniter\Boot::bootWeb(Object(Config\Paths))
ERROR - 2026-04-26 00:57:36 --> Cannot add or update a child row: a foreign key constraint fails (`testeagmpark`.`estadias`, CONSTRAINT `estadias_ibfk_3` FOREIGN KEY (`id_reserva`) REFERENCES `reservas` (`id_reserva`))
in SYSTEMPATH\Database\MySQLi\Connection.php on line 300.
 1 SYSTEMPATH\Database\MySQLi\Connection.php(300): mysqli->query('INSERT INTO `estadias` (`id_veiculo`, `id_vaga`, `id_reserva`, `data_entrada`, `data_saida`, `valor_total`, `status`) VALUES (6, 7, 8, \'2026-04-26 00:57:36\', NULL, 0, \'EM_ANDAMENTO\')', 0)
 2 SYSTEMPATH\Database\BaseConnection.php(910): CodeIgniter\Database\MySQLi\Connection->execute('INSERT INTO `estadias` (`id_veiculo`, `id_vaga`, `id_reserva`, `data_entrada`, `data_saida`, `valor_total`, `status`) VALUES (6, 7, 8, \'2026-04-26 00:57:36\', NULL, 0, \'EM_ANDAMENTO\')')
 3 SYSTEMPATH\Database\BaseConnection.php(827): CodeIgniter\Database\BaseConnection->simpleQuery('INSERT INTO `estadias` (`id_veiculo`, `id_vaga`, `id_reserva`, `data_entrada`, `data_saida`, `valor_total`, `status`) VALUES (6, 7, 8, \'2026-04-26 00:57:36\', NULL, 0, \'EM_ANDAMENTO\')')
 4 SYSTEMPATH\Database\BaseBuilder.php(2345): CodeIgniter\Database\BaseConnection->query('INSERT INTO `estadias` (`id_veiculo`, `id_vaga`, `id_reserva`, `data_entrada`, `data_saida`, `valor_total`, `status`) VALUES (:id_veiculo:, :id_vaga:, :id_reserva:, :data_entrada:, :data_saida:, :valor_total:, :status:)', [...], false)
 5 SYSTEMPATH\Model.php(355): CodeIgniter\Database\BaseBuilder->insert()
 6 SYSTEMPATH\BaseModel.php(899): CodeIgniter\Model->doInsert([...])
 7 SYSTEMPATH\Model.php(668): CodeIgniter\BaseModel->insert([...], true)
 8 APPPATH\Controllers\Estadias.php(137): CodeIgniter\Model->insert([...])
 9 SYSTEMPATH\CodeIgniter.php(951): App\Controllers\Estadias->inserir()
10 SYSTEMPATH\CodeIgniter.php(497): CodeIgniter\CodeIgniter->runController(Object(App\Controllers\Estadias))
11 SYSTEMPATH\CodeIgniter.php(340): CodeIgniter\CodeIgniter->handleRequest(null, Object(Config\Cache), false)
12 SYSTEMPATH\Boot.php(417): CodeIgniter\CodeIgniter->run()
13 SYSTEMPATH\Boot.php(68): CodeIgniter\Boot::runCodeIgniter(Object(CodeIgniter\CodeIgniter))
14 FCPATH\index.php(59): CodeIgniter\Boot::bootWeb(Object(Config\Paths))
ERROR - 2026-04-26 00:58:56 --> Cannot add or update a child row: a foreign key constraint fails (`testeagmpark`.`estadias`, CONSTRAINT `estadias_ibfk_3` FOREIGN KEY (`id_reserva`) REFERENCES `reservas` (`id_reserva`))
in SYSTEMPATH\Database\MySQLi\Connection.php on line 300.
 1 SYSTEMPATH\Database\MySQLi\Connection.php(300): mysqli->query('INSERT INTO `estadias` (`id_veiculo`, `id_vaga`, `id_reserva`, `data_entrada`, `data_saida`, `valor_total`, `status`) VALUES (6, 7, 8, \'2026-04-26 00:58:56\', NULL, 0, \'EM_ANDAMENTO\')', 0)
 2 SYSTEMPATH\Database\BaseConnection.php(910): CodeIgniter\Database\MySQLi\Connection->execute('INSERT INTO `estadias` (`id_veiculo`, `id_vaga`, `id_reserva`, `data_entrada`, `data_saida`, `valor_total`, `status`) VALUES (6, 7, 8, \'2026-04-26 00:58:56\', NULL, 0, \'EM_ANDAMENTO\')')
 3 SYSTEMPATH\Database\BaseConnection.php(827): CodeIgniter\Database\BaseConnection->simpleQuery('INSERT INTO `estadias` (`id_veiculo`, `id_vaga`, `id_reserva`, `data_entrada`, `data_saida`, `valor_total`, `status`) VALUES (6, 7, 8, \'2026-04-26 00:58:56\', NULL, 0, \'EM_ANDAMENTO\')')
 4 SYSTEMPATH\Database\BaseBuilder.php(2345): CodeIgniter\Database\BaseConnection->query('INSERT INTO `estadias` (`id_veiculo`, `id_vaga`, `id_reserva`, `data_entrada`, `data_saida`, `valor_total`, `status`) VALUES (:id_veiculo:, :id_vaga:, :id_reserva:, :data_entrada:, :data_saida:, :valor_total:, :status:)', [...], false)
 5 SYSTEMPATH\Model.php(355): CodeIgniter\Database\BaseBuilder->insert()
 6 SYSTEMPATH\BaseModel.php(899): CodeIgniter\Model->doInsert([...])
 7 SYSTEMPATH\Model.php(668): CodeIgniter\BaseModel->insert([...], true)
 8 APPPATH\Controllers\Estadias.php(137): CodeIgniter\Model->insert([...])
 9 SYSTEMPATH\CodeIgniter.php(951): App\Controllers\Estadias->inserir()
10 SYSTEMPATH\CodeIgniter.php(497): CodeIgniter\CodeIgniter->runController(Object(App\Controllers\Estadias))
11 SYSTEMPATH\CodeIgniter.php(340): CodeIgniter\CodeIgniter->handleRequest(null, Object(Config\Cache), false)
12 SYSTEMPATH\Boot.php(417): CodeIgniter\CodeIgniter->run()
13 SYSTEMPATH\Boot.php(68): CodeIgniter\Boot::runCodeIgniter(Object(CodeIgniter\CodeIgniter))
14 FCPATH\index.php(59): CodeIgniter\Boot::bootWeb(Object(Config\Paths))
ERROR - 2026-04-26 01:01:59 --> Cannot add or update a child row: a foreign key constraint fails (`testeagmpark`.`estadias`, CONSTRAINT `estadias_ibfk_3` FOREIGN KEY (`id_reserva`) REFERENCES `reservas` (`id_reserva`))
in SYSTEMPATH\Database\MySQLi\Connection.php on line 300.
 1 SYSTEMPATH\Database\MySQLi\Connection.php(300): mysqli->query('INSERT INTO `estadias` (`id_veiculo`, `id_vaga`, `id_reserva`, `data_entrada`, `data_saida`, `valor_total`, `status`) VALUES (\'5\', \'5\', \'7\', \'2026-04-26 01:01:59\', NULL, 0, \'EM_ANDAMENTO\')', 0)
 2 SYSTEMPATH\Database\BaseConnection.php(910): CodeIgniter\Database\MySQLi\Connection->execute('INSERT INTO `estadias` (`id_veiculo`, `id_vaga`, `id_reserva`, `data_entrada`, `data_saida`, `valor_total`, `status`) VALUES (\'5\', \'5\', \'7\', \'2026-04-26 01:01:59\', NULL, 0, \'EM_ANDAMENTO\')')
 3 SYSTEMPATH\Database\BaseConnection.php(827): CodeIgniter\Database\BaseConnection->simpleQuery('INSERT INTO `estadias` (`id_veiculo`, `id_vaga`, `id_reserva`, `data_entrada`, `data_saida`, `valor_total`, `status`) VALUES (\'5\', \'5\', \'7\', \'2026-04-26 01:01:59\', NULL, 0, \'EM_ANDAMENTO\')')
 4 SYSTEMPATH\Database\BaseBuilder.php(2345): CodeIgniter\Database\BaseConnection->query('INSERT INTO `estadias` (`id_veiculo`, `id_vaga`, `id_reserva`, `data_entrada`, `data_saida`, `valor_total`, `status`) VALUES (:id_veiculo:, :id_vaga:, :id_reserva:, :data_entrada:, :data_saida:, :valor_total:, :status:)', [...], false)
 5 SYSTEMPATH\Model.php(355): CodeIgniter\Database\BaseBuilder->insert()
 6 SYSTEMPATH\BaseModel.php(899): CodeIgniter\Model->doInsert([...])
 7 SYSTEMPATH\Model.php(668): CodeIgniter\BaseModel->insert([...], true)
 8 APPPATH\Controllers\Estadias.php(137): CodeIgniter\Model->insert([...])
 9 SYSTEMPATH\CodeIgniter.php(951): App\Controllers\Estadias->inserir()
10 SYSTEMPATH\CodeIgniter.php(497): CodeIgniter\CodeIgniter->runController(Object(App\Controllers\Estadias))
11 SYSTEMPATH\CodeIgniter.php(340): CodeIgniter\CodeIgniter->handleRequest(null, Object(Config\Cache), false)
12 SYSTEMPATH\Boot.php(417): CodeIgniter\CodeIgniter->run()
13 SYSTEMPATH\Boot.php(68): CodeIgniter\Boot::runCodeIgniter(Object(CodeIgniter\CodeIgniter))
14 FCPATH\index.php(59): CodeIgniter\Boot::bootWeb(Object(Config\Paths))
ERROR - 2026-04-26 01:02:11 --> Cannot add or update a child row: a foreign key constraint fails (`testeagmpark`.`estadias`, CONSTRAINT `estadias_ibfk_3` FOREIGN KEY (`id_reserva`) REFERENCES `reservas` (`id_reserva`))
in SYSTEMPATH\Database\MySQLi\Connection.php on line 300.
 1 SYSTEMPATH\Database\MySQLi\Connection.php(300): mysqli->query('INSERT INTO `estadias` (`id_veiculo`, `id_vaga`, `id_reserva`, `data_entrada`, `data_saida`, `valor_total`, `status`) VALUES (\'5\', \'5\', \'8\', \'2026-04-26 01:02:11\', NULL, 0, \'EM_ANDAMENTO\')', 0)
 2 SYSTEMPATH\Database\BaseConnection.php(910): CodeIgniter\Database\MySQLi\Connection->execute('INSERT INTO `estadias` (`id_veiculo`, `id_vaga`, `id_reserva`, `data_entrada`, `data_saida`, `valor_total`, `status`) VALUES (\'5\', \'5\', \'8\', \'2026-04-26 01:02:11\', NULL, 0, \'EM_ANDAMENTO\')')
 3 SYSTEMPATH\Database\BaseConnection.php(827): CodeIgniter\Database\BaseConnection->simpleQuery('INSERT INTO `estadias` (`id_veiculo`, `id_vaga`, `id_reserva`, `data_entrada`, `data_saida`, `valor_total`, `status`) VALUES (\'5\', \'5\', \'8\', \'2026-04-26 01:02:11\', NULL, 0, \'EM_ANDAMENTO\')')
 4 SYSTEMPATH\Database\BaseBuilder.php(2345): CodeIgniter\Database\BaseConnection->query('INSERT INTO `estadias` (`id_veiculo`, `id_vaga`, `id_reserva`, `data_entrada`, `data_saida`, `valor_total`, `status`) VALUES (:id_veiculo:, :id_vaga:, :id_reserva:, :data_entrada:, :data_saida:, :valor_total:, :status:)', [...], false)
 5 SYSTEMPATH\Model.php(355): CodeIgniter\Database\BaseBuilder->insert()
 6 SYSTEMPATH\BaseModel.php(899): CodeIgniter\Model->doInsert([...])
 7 SYSTEMPATH\Model.php(668): CodeIgniter\BaseModel->insert([...], true)
 8 APPPATH\Controllers\Estadias.php(137): CodeIgniter\Model->insert([...])
 9 SYSTEMPATH\CodeIgniter.php(951): App\Controllers\Estadias->inserir()
10 SYSTEMPATH\CodeIgniter.php(497): CodeIgniter\CodeIgniter->runController(Object(App\Controllers\Estadias))
11 SYSTEMPATH\CodeIgniter.php(340): CodeIgniter\CodeIgniter->handleRequest(null, Object(Config\Cache), false)
12 SYSTEMPATH\Boot.php(417): CodeIgniter\CodeIgniter->run()
13 SYSTEMPATH\Boot.php(68): CodeIgniter\Boot::runCodeIgniter(Object(CodeIgniter\CodeIgniter))
14 FCPATH\index.php(59): CodeIgniter\Boot::bootWeb(Object(Config\Paths))
