CRITICAL - 2026-04-30 23:35:46 --> ErrorException: The use statement with non-compound name 'Exception' has no effect
[Method: POST, Route: tarifas/inserir]
in APPPATH\Controllers\Tarifas.php on line 6.
 1 SYSTEMPATH\Autoloader\Autoloader.php(315): CodeIgniter\Debug\Exceptions->errorHandler(2, 'The use statement with non-compound name \'Exception\' has no effect', 'C:\\xampp\\htdocs\\AGMPark\\TG_AGM-Park\\app\\Controllers\\Tarifas.php', 6)
 2 SYSTEMPATH\Autoloader\Autoloader.php(315): include_once()
 3 SYSTEMPATH\Autoloader\Autoloader.php(295): CodeIgniter\Autoloader\Autoloader->includeFile('C:\\xampp\\htdocs\\AGMPark\\TG_AGM-Park\\app\\Controllers\\Tarifas.php')
 4 SYSTEMPATH\Autoloader\Autoloader.php(271): CodeIgniter\Autoloader\Autoloader->loadInNamespace('App\\Controllers\\Tarifas')
 5 [internal function]: CodeIgniter\Autoloader\Autoloader->loadClass('App\\Controllers\\Tarifas')
 6 SYSTEMPATH\Router\Router.php(792): class_exists('\\App\\Controllers\\Tarifas')
 7 SYSTEMPATH\Router\Router.php(230): CodeIgniter\Router\Router->processRouteAttributes()
 8 SYSTEMPATH\CodeIgniter.php(829): CodeIgniter\Router\Router->handle('tarifas/inserir')
 9 SYSTEMPATH\CodeIgniter.php(441): CodeIgniter\CodeIgniter->tryToRouteIt(Object(CodeIgniter\Router\RouteCollection))
10 SYSTEMPATH\CodeIgniter.php(340): CodeIgniter\CodeIgniter->handleRequest(null, Object(Config\Cache), false)
11 SYSTEMPATH\Boot.php(417): CodeIgniter\CodeIgniter->run()
12 SYSTEMPATH\Boot.php(68): CodeIgniter\Boot::runCodeIgniter(Object(CodeIgniter\CodeIgniter))
13 FCPATH\index.php(59): CodeIgniter\Boot::bootWeb(Object(Config\Paths))
CRITICAL - 2026-04-30 23:36:28 --> ErrorException: The use statement with non-compound name 'Exception' has no effect
[Method: POST, Route: tarifas/inserir]
in APPPATH\Controllers\Tarifas.php on line 6.
 1 SYSTEMPATH\Autoloader\Autoloader.php(315): CodeIgniter\Debug\Exceptions->errorHandler(2, 'The use statement with non-compound name \'Exception\' has no effect', 'C:\\xampp\\htdocs\\AGMPark\\TG_AGM-Park\\app\\Controllers\\Tarifas.php', 6)
 2 SYSTEMPATH\Autoloader\Autoloader.php(315): include_once()
 3 SYSTEMPATH\Autoloader\Autoloader.php(295): CodeIgniter\Autoloader\Autoloader->includeFile('C:\\xampp\\htdocs\\AGMPark\\TG_AGM-Park\\app\\Controllers\\Tarifas.php')
 4 SYSTEMPATH\Autoloader\Autoloader.php(271): CodeIgniter\Autoloader\Autoloader->loadInNamespace('App\\Controllers\\Tarifas')
 5 [internal function]: CodeIgniter\Autoloader\Autoloader->loadClass('App\\Controllers\\Tarifas')
 6 SYSTEMPATH\Router\Router.php(792): class_exists('\\App\\Controllers\\Tarifas')
 7 SYSTEMPATH\Router\Router.php(230): CodeIgniter\Router\Router->processRouteAttributes()
 8 SYSTEMPATH\CodeIgniter.php(829): CodeIgniter\Router\Router->handle('tarifas/inserir')
 9 SYSTEMPATH\CodeIgniter.php(441): CodeIgniter\CodeIgniter->tryToRouteIt(Object(CodeIgniter\Router\RouteCollection))
10 SYSTEMPATH\CodeIgniter.php(340): CodeIgniter\CodeIgniter->handleRequest(null, Object(Config\Cache), false)
11 SYSTEMPATH\Boot.php(417): CodeIgniter\CodeIgniter->run()
12 SYSTEMPATH\Boot.php(68): CodeIgniter\Boot::runCodeIgniter(Object(CodeIgniter\CodeIgniter))
13 FCPATH\index.php(59): CodeIgniter\Boot::bootWeb(Object(Config\Paths))
CRITICAL - 2026-04-30 23:36:29 --> ErrorException: The use statement with non-compound name 'Exception' has no effect
[Method: POST, Route: tarifas/inserir]
in APPPATH\Controllers\Tarifas.php on line 6.
 1 SYSTEMPATH\Autoloader\Autoloader.php(315): CodeIgniter\Debug\Exceptions->errorHandler(2, 'The use statement with non-compound name \'Exception\' has no effect', 'C:\\xampp\\htdocs\\AGMPark\\TG_AGM-Park\\app\\Controllers\\Tarifas.php', 6)
 2 SYSTEMPATH\Autoloader\Autoloader.php(315): include_once()
 3 SYSTEMPATH\Autoloader\Autoloader.php(295): CodeIgniter\Autoloader\Autoloader->includeFile('C:\\xampp\\htdocs\\AGMPark\\TG_AGM-Park\\app\\Controllers\\Tarifas.php')
 4 SYSTEMPATH\Autoloader\Autoloader.php(271): CodeIgniter\Autoloader\Autoloader->loadInNamespace('App\\Controllers\\Tarifas')
 5 [internal function]: CodeIgniter\Autoloader\Autoloader->loadClass('App\\Controllers\\Tarifas')
 6 SYSTEMPATH\Router\Router.php(792): class_exists('\\App\\Controllers\\Tarifas')
 7 SYSTEMPATH\Router\Router.php(230): CodeIgniter\Router\Router->processRouteAttributes()
 8 SYSTEMPATH\CodeIgniter.php(829): CodeIgniter\Router\Router->handle('tarifas/inserir')
 9 SYSTEMPATH\CodeIgniter.php(441): CodeIgniter\CodeIgniter->tryToRouteIt(Object(CodeIgniter\Router\RouteCollection))
10 SYSTEMPATH\CodeIgniter.php(340): CodeIgniter\CodeIgniter->handleRequest(null, Object(Config\Cache), false)
11 SYSTEMPATH\Boot.php(417): CodeIgniter\CodeIgniter->run()
12 SYSTEMPATH\Boot.php(68): CodeIgniter\Boot::runCodeIgniter(Object(CodeIgniter\CodeIgniter))
13 FCPATH\index.php(59): CodeIgniter\Boot::bootWeb(Object(Config\Paths))
CRITICAL - 2026-04-30 23:36:30 --> ErrorException: The use statement with non-compound name 'Exception' has no effect
[Method: POST, Route: tarifas/inserir]
in APPPATH\Controllers\Tarifas.php on line 6.
 1 SYSTEMPATH\Autoloader\Autoloader.php(315): CodeIgniter\Debug\Exceptions->errorHandler(2, 'The use statement with non-compound name \'Exception\' has no effect', 'C:\\xampp\\htdocs\\AGMPark\\TG_AGM-Park\\app\\Controllers\\Tarifas.php', 6)
 2 SYSTEMPATH\Autoloader\Autoloader.php(315): include_once()
 3 SYSTEMPATH\Autoloader\Autoloader.php(295): CodeIgniter\Autoloader\Autoloader->includeFile('C:\\xampp\\htdocs\\AGMPark\\TG_AGM-Park\\app\\Controllers\\Tarifas.php')
 4 SYSTEMPATH\Autoloader\Autoloader.php(271): CodeIgniter\Autoloader\Autoloader->loadInNamespace('App\\Controllers\\Tarifas')
 5 [internal function]: CodeIgniter\Autoloader\Autoloader->loadClass('App\\Controllers\\Tarifas')
 6 SYSTEMPATH\Router\Router.php(792): class_exists('\\App\\Controllers\\Tarifas')
 7 SYSTEMPATH\Router\Router.php(230): CodeIgniter\Router\Router->processRouteAttributes()
 8 SYSTEMPATH\CodeIgniter.php(829): CodeIgniter\Router\Router->handle('tarifas/inserir')
 9 SYSTEMPATH\CodeIgniter.php(441): CodeIgniter\CodeIgniter->tryToRouteIt(Object(CodeIgniter\Router\RouteCollection))
10 SYSTEMPATH\CodeIgniter.php(340): CodeIgniter\CodeIgniter->handleRequest(null, Object(Config\Cache), false)
11 SYSTEMPATH\Boot.php(417): CodeIgniter\CodeIgniter->run()
12 SYSTEMPATH\Boot.php(68): CodeIgniter\Boot::runCodeIgniter(Object(CodeIgniter\CodeIgniter))
13 FCPATH\index.php(59): CodeIgniter\Boot::bootWeb(Object(Config\Paths))
CRITICAL - 2026-04-30 23:36:31 --> ErrorException: The use statement with non-compound name 'Exception' has no effect
[Method: POST, Route: tarifas/inserir]
in APPPATH\Controllers\Tarifas.php on line 6.
 1 SYSTEMPATH\Autoloader\Autoloader.php(315): CodeIgniter\Debug\Exceptions->errorHandler(2, 'The use statement with non-compound name \'Exception\' has no effect', 'C:\\xampp\\htdocs\\AGMPark\\TG_AGM-Park\\app\\Controllers\\Tarifas.php', 6)
 2 SYSTEMPATH\Autoloader\Autoloader.php(315): include_once()
 3 SYSTEMPATH\Autoloader\Autoloader.php(295): CodeIgniter\Autoloader\Autoloader->includeFile('C:\\xampp\\htdocs\\AGMPark\\TG_AGM-Park\\app\\Controllers\\Tarifas.php')
 4 SYSTEMPATH\Autoloader\Autoloader.php(271): CodeIgniter\Autoloader\Autoloader->loadInNamespace('App\\Controllers\\Tarifas')
 5 [internal function]: CodeIgniter\Autoloader\Autoloader->loadClass('App\\Controllers\\Tarifas')
 6 SYSTEMPATH\Router\Router.php(792): class_exists('\\App\\Controllers\\Tarifas')
 7 SYSTEMPATH\Router\Router.php(230): CodeIgniter\Router\Router->processRouteAttributes()
 8 SYSTEMPATH\CodeIgniter.php(829): CodeIgniter\Router\Router->handle('tarifas/inserir')
 9 SYSTEMPATH\CodeIgniter.php(441): CodeIgniter\CodeIgniter->tryToRouteIt(Object(CodeIgniter\Router\RouteCollection))
10 SYSTEMPATH\CodeIgniter.php(340): CodeIgniter\CodeIgniter->handleRequest(null, Object(Config\Cache), false)
11 SYSTEMPATH\Boot.php(417): CodeIgniter\CodeIgniter->run()
12 SYSTEMPATH\Boot.php(68): CodeIgniter\Boot::runCodeIgniter(Object(CodeIgniter\CodeIgniter))
13 FCPATH\index.php(59): CodeIgniter\Boot::bootWeb(Object(Config\Paths))
CRITICAL - 2026-04-30 23:36:57 --> ErrorException: The use statement with non-compound name 'Exception' has no effect
[Method: POST, Route: tarifas/inserir]
in APPPATH\Controllers\Tarifas.php on line 6.
 1 SYSTEMPATH\Autoloader\Autoloader.php(315): CodeIgniter\Debug\Exceptions->errorHandler(2, 'The use statement with non-compound name \'Exception\' has no effect', 'C:\\xampp\\htdocs\\AGMPark\\TG_AGM-Park\\app\\Controllers\\Tarifas.php', 6)
 2 SYSTEMPATH\Autoloader\Autoloader.php(315): include_once()
 3 SYSTEMPATH\Autoloader\Autoloader.php(295): CodeIgniter\Autoloader\Autoloader->includeFile('C:\\xampp\\htdocs\\AGMPark\\TG_AGM-Park\\app\\Controllers\\Tarifas.php')
 4 SYSTEMPATH\Autoloader\Autoloader.php(271): CodeIgniter\Autoloader\Autoloader->loadInNamespace('App\\Controllers\\Tarifas')
 5 [internal function]: CodeIgniter\Autoloader\Autoloader->loadClass('App\\Controllers\\Tarifas')
 6 SYSTEMPATH\Router\Router.php(792): class_exists('\\App\\Controllers\\Tarifas')
 7 SYSTEMPATH\Router\Router.php(230): CodeIgniter\Router\Router->processRouteAttributes()
 8 SYSTEMPATH\CodeIgniter.php(829): CodeIgniter\Router\Router->handle('tarifas/inserir')
 9 SYSTEMPATH\CodeIgniter.php(441): CodeIgniter\CodeIgniter->tryToRouteIt(Object(CodeIgniter\Router\RouteCollection))
10 SYSTEMPATH\CodeIgniter.php(340): CodeIgniter\CodeIgniter->handleRequest(null, Object(Config\Cache), false)
11 SYSTEMPATH\Boot.php(417): CodeIgniter\CodeIgniter->run()
12 SYSTEMPATH\Boot.php(68): CodeIgniter\Boot::runCodeIgniter(Object(CodeIgniter\CodeIgniter))
13 FCPATH\index.php(59): CodeIgniter\Boot::bootWeb(Object(Config\Paths))
CRITICAL - 2026-04-30 23:36:58 --> ErrorException: The use statement with non-compound name 'Exception' has no effect
[Method: POST, Route: tarifas/inserir]
in APPPATH\Controllers\Tarifas.php on line 6.
 1 SYSTEMPATH\Autoloader\Autoloader.php(315): CodeIgniter\Debug\Exceptions->errorHandler(2, 'The use statement with non-compound name \'Exception\' has no effect', 'C:\\xampp\\htdocs\\AGMPark\\TG_AGM-Park\\app\\Controllers\\Tarifas.php', 6)
 2 SYSTEMPATH\Autoloader\Autoloader.php(315): include_once()
 3 SYSTEMPATH\Autoloader\Autoloader.php(295): CodeIgniter\Autoloader\Autoloader->includeFile('C:\\xampp\\htdocs\\AGMPark\\TG_AGM-Park\\app\\Controllers\\Tarifas.php')
 4 SYSTEMPATH\Autoloader\Autoloader.php(271): CodeIgniter\Autoloader\Autoloader->loadInNamespace('App\\Controllers\\Tarifas')
 5 [internal function]: CodeIgniter\Autoloader\Autoloader->loadClass('App\\Controllers\\Tarifas')
 6 SYSTEMPATH\Router\Router.php(792): class_exists('\\App\\Controllers\\Tarifas')
 7 SYSTEMPATH\Router\Router.php(230): CodeIgniter\Router\Router->processRouteAttributes()
 8 SYSTEMPATH\CodeIgniter.php(829): CodeIgniter\Router\Router->handle('tarifas/inserir')
 9 SYSTEMPATH\CodeIgniter.php(441): CodeIgniter\CodeIgniter->tryToRouteIt(Object(CodeIgniter\Router\RouteCollection))
10 SYSTEMPATH\CodeIgniter.php(340): CodeIgniter\CodeIgniter->handleRequest(null, Object(Config\Cache), false)
11 SYSTEMPATH\Boot.php(417): CodeIgniter\CodeIgniter->run()
12 SYSTEMPATH\Boot.php(68): CodeIgniter\Boot::runCodeIgniter(Object(CodeIgniter\CodeIgniter))
13 FCPATH\index.php(59): CodeIgniter\Boot::bootWeb(Object(Config\Paths))
CRITICAL - 2026-04-30 23:36:58 --> ErrorException: The use statement with non-compound name 'Exception' has no effect
[Method: POST, Route: tarifas/inserir]
in APPPATH\Controllers\Tarifas.php on line 6.
 1 SYSTEMPATH\Autoloader\Autoloader.php(315): CodeIgniter\Debug\Exceptions->errorHandler(2, 'The use statement with non-compound name \'Exception\' has no effect', 'C:\\xampp\\htdocs\\AGMPark\\TG_AGM-Park\\app\\Controllers\\Tarifas.php', 6)
 2 SYSTEMPATH\Autoloader\Autoloader.php(315): include_once()
 3 SYSTEMPATH\Autoloader\Autoloader.php(295): CodeIgniter\Autoloader\Autoloader->includeFile('C:\\xampp\\htdocs\\AGMPark\\TG_AGM-Park\\app\\Controllers\\Tarifas.php')
 4 SYSTEMPATH\Autoloader\Autoloader.php(271): CodeIgniter\Autoloader\Autoloader->loadInNamespace('App\\Controllers\\Tarifas')
 5 [internal function]: CodeIgniter\Autoloader\Autoloader->loadClass('App\\Controllers\\Tarifas')
 6 SYSTEMPATH\Router\Router.php(792): class_exists('\\App\\Controllers\\Tarifas')
 7 SYSTEMPATH\Router\Router.php(230): CodeIgniter\Router\Router->processRouteAttributes()
 8 SYSTEMPATH\CodeIgniter.php(829): CodeIgniter\Router\Router->handle('tarifas/inserir')
 9 SYSTEMPATH\CodeIgniter.php(441): CodeIgniter\CodeIgniter->tryToRouteIt(Object(CodeIgniter\Router\RouteCollection))
10 SYSTEMPATH\CodeIgniter.php(340): CodeIgniter\CodeIgniter->handleRequest(null, Object(Config\Cache), false)
11 SYSTEMPATH\Boot.php(417): CodeIgniter\CodeIgniter->run()
12 SYSTEMPATH\Boot.php(68): CodeIgniter\Boot::runCodeIgniter(Object(CodeIgniter\CodeIgniter))
13 FCPATH\index.php(59): CodeIgniter\Boot::bootWeb(Object(Config\Paths))
CRITICAL - 2026-04-30 23:36:58 --> ErrorException: The use statement with non-compound name 'Exception' has no effect
[Method: POST, Route: tarifas/inserir]
in APPPATH\Controllers\Tarifas.php on line 6.
 1 SYSTEMPATH\Autoloader\Autoloader.php(315): CodeIgniter\Debug\Exceptions->errorHandler(2, 'The use statement with non-compound name \'Exception\' has no effect', 'C:\\xampp\\htdocs\\AGMPark\\TG_AGM-Park\\app\\Controllers\\Tarifas.php', 6)
 2 SYSTEMPATH\Autoloader\Autoloader.php(315): include_once()
 3 SYSTEMPATH\Autoloader\Autoloader.php(295): CodeIgniter\Autoloader\Autoloader->includeFile('C:\\xampp\\htdocs\\AGMPark\\TG_AGM-Park\\app\\Controllers\\Tarifas.php')
 4 SYSTEMPATH\Autoloader\Autoloader.php(271): CodeIgniter\Autoloader\Autoloader->loadInNamespace('App\\Controllers\\Tarifas')
 5 [internal function]: CodeIgniter\Autoloader\Autoloader->loadClass('App\\Controllers\\Tarifas')
 6 SYSTEMPATH\Router\Router.php(792): class_exists('\\App\\Controllers\\Tarifas')
 7 SYSTEMPATH\Router\Router.php(230): CodeIgniter\Router\Router->processRouteAttributes()
 8 SYSTEMPATH\CodeIgniter.php(829): CodeIgniter\Router\Router->handle('tarifas/inserir')
 9 SYSTEMPATH\CodeIgniter.php(441): CodeIgniter\CodeIgniter->tryToRouteIt(Object(CodeIgniter\Router\RouteCollection))
10 SYSTEMPATH\CodeIgniter.php(340): CodeIgniter\CodeIgniter->handleRequest(null, Object(Config\Cache), false)
11 SYSTEMPATH\Boot.php(417): CodeIgniter\CodeIgniter->run()
12 SYSTEMPATH\Boot.php(68): CodeIgniter\Boot::runCodeIgniter(Object(CodeIgniter\CodeIgniter))
13 FCPATH\index.php(59): CodeIgniter\Boot::bootWeb(Object(Config\Paths))
CRITICAL - 2026-04-30 23:36:59 --> ErrorException: The use statement with non-compound name 'Exception' has no effect
[Method: POST, Route: tarifas/inserir]
in APPPATH\Controllers\Tarifas.php on line 6.
 1 SYSTEMPATH\Autoloader\Autoloader.php(315): CodeIgniter\Debug\Exceptions->errorHandler(2, 'The use statement with non-compound name \'Exception\' has no effect', 'C:\\xampp\\htdocs\\AGMPark\\TG_AGM-Park\\app\\Controllers\\Tarifas.php', 6)
 2 SYSTEMPATH\Autoloader\Autoloader.php(315): include_once()
 3 SYSTEMPATH\Autoloader\Autoloader.php(295): CodeIgniter\Autoloader\Autoloader->includeFile('C:\\xampp\\htdocs\\AGMPark\\TG_AGM-Park\\app\\Controllers\\Tarifas.php')
 4 SYSTEMPATH\Autoloader\Autoloader.php(271): CodeIgniter\Autoloader\Autoloader->loadInNamespace('App\\Controllers\\Tarifas')
 5 [internal function]: CodeIgniter\Autoloader\Autoloader->loadClass('App\\Controllers\\Tarifas')
 6 SYSTEMPATH\Router\Router.php(792): class_exists('\\App\\Controllers\\Tarifas')
 7 SYSTEMPATH\Router\Router.php(230): CodeIgniter\Router\Router->processRouteAttributes()
 8 SYSTEMPATH\CodeIgniter.php(829): CodeIgniter\Router\Router->handle('tarifas/inserir')
 9 SYSTEMPATH\CodeIgniter.php(441): CodeIgniter\CodeIgniter->tryToRouteIt(Object(CodeIgniter\Router\RouteCollection))
10 SYSTEMPATH\CodeIgniter.php(340): CodeIgniter\CodeIgniter->handleRequest(null, Object(Config\Cache), false)
11 SYSTEMPATH\Boot.php(417): CodeIgniter\CodeIgniter->run()
12 SYSTEMPATH\Boot.php(68): CodeIgniter\Boot::runCodeIgniter(Object(CodeIgniter\CodeIgniter))
13 FCPATH\index.php(59): CodeIgniter\Boot::bootWeb(Object(Config\Paths))
CRITICAL - 2026-04-30 23:37:06 --> ErrorException: The use statement with non-compound name 'Exception' has no effect
[Method: POST, Route: tarifas/inserir]
in APPPATH\Controllers\Tarifas.php on line 6.
 1 SYSTEMPATH\Autoloader\Autoloader.php(315): CodeIgniter\Debug\Exceptions->errorHandler(2, 'The use statement with non-compound name \'Exception\' has no effect', 'C:\\xampp\\htdocs\\AGMPark\\TG_AGM-Park\\app\\Controllers\\Tarifas.php', 6)
 2 SYSTEMPATH\Autoloader\Autoloader.php(315): include_once()
 3 SYSTEMPATH\Autoloader\Autoloader.php(295): CodeIgniter\Autoloader\Autoloader->includeFile('C:\\xampp\\htdocs\\AGMPark\\TG_AGM-Park\\app\\Controllers\\Tarifas.php')
 4 SYSTEMPATH\Autoloader\Autoloader.php(271): CodeIgniter\Autoloader\Autoloader->loadInNamespace('App\\Controllers\\Tarifas')
 5 [internal function]: CodeIgniter\Autoloader\Autoloader->loadClass('App\\Controllers\\Tarifas')
 6 SYSTEMPATH\Router\Router.php(792): class_exists('\\App\\Controllers\\Tarifas')
 7 SYSTEMPATH\Router\Router.php(230): CodeIgniter\Router\Router->processRouteAttributes()
 8 SYSTEMPATH\CodeIgniter.php(829): CodeIgniter\Router\Router->handle('tarifas/inserir')
 9 SYSTEMPATH\CodeIgniter.php(441): CodeIgniter\CodeIgniter->tryToRouteIt(Object(CodeIgniter\Router\RouteCollection))
10 SYSTEMPATH\CodeIgniter.php(340): CodeIgniter\CodeIgniter->handleRequest(null, Object(Config\Cache), false)
11 SYSTEMPATH\Boot.php(417): CodeIgniter\CodeIgniter->run()
12 SYSTEMPATH\Boot.php(68): CodeIgniter\Boot::runCodeIgniter(Object(CodeIgniter\CodeIgniter))
13 FCPATH\index.php(59): CodeIgniter\Boot::bootWeb(Object(Config\Paths))
CRITICAL - 2026-04-30 23:37:25 --> ErrorException: The use statement with non-compound name 'Exception' has no effect
[Method: POST, Route: tarifas/inserir]
in APPPATH\Controllers\Tarifas.php on line 6.
 1 SYSTEMPATH\Autoloader\Autoloader.php(315): CodeIgniter\Debug\Exceptions->errorHandler(2, 'The use statement with non-compound name \'Exception\' has no effect', 'C:\\xampp\\htdocs\\AGMPark\\TG_AGM-Park\\app\\Controllers\\Tarifas.php', 6)
 2 SYSTEMPATH\Autoloader\Autoloader.php(315): include_once()
 3 SYSTEMPATH\Autoloader\Autoloader.php(295): CodeIgniter\Autoloader\Autoloader->includeFile('C:\\xampp\\htdocs\\AGMPark\\TG_AGM-Park\\app\\Controllers\\Tarifas.php')
 4 SYSTEMPATH\Autoloader\Autoloader.php(271): CodeIgniter\Autoloader\Autoloader->loadInNamespace('App\\Controllers\\Tarifas')
 5 [internal function]: CodeIgniter\Autoloader\Autoloader->loadClass('App\\Controllers\\Tarifas')
 6 SYSTEMPATH\Router\Router.php(792): class_exists('\\App\\Controllers\\Tarifas')
 7 SYSTEMPATH\Router\Router.php(230): CodeIgniter\Router\Router->processRouteAttributes()
 8 SYSTEMPATH\CodeIgniter.php(829): CodeIgniter\Router\Router->handle('tarifas/inserir')
 9 SYSTEMPATH\CodeIgniter.php(441): CodeIgniter\CodeIgniter->tryToRouteIt(Object(CodeIgniter\Router\RouteCollection))
10 SYSTEMPATH\CodeIgniter.php(340): CodeIgniter\CodeIgniter->handleRequest(null, Object(Config\Cache), false)
11 SYSTEMPATH\Boot.php(417): CodeIgniter\CodeIgniter->run()
12 SYSTEMPATH\Boot.php(68): CodeIgniter\Boot::runCodeIgniter(Object(CodeIgniter\CodeIgniter))
13 FCPATH\index.php(59): CodeIgniter\Boot::bootWeb(Object(Config\Paths))
CRITICAL - 2026-04-30 23:39:19 --> ErrorException: The use statement with non-compound name 'Exception' has no effect
[Method: POST, Route: tarifas/inserir]
in APPPATH\Controllers\Tarifas.php on line 6.
 1 SYSTEMPATH\Autoloader\Autoloader.php(315): CodeIgniter\Debug\Exceptions->errorHandler(2, 'The use statement with non-compound name \'Exception\' has no effect', 'C:\\xampp\\htdocs\\AGMPark\\TG_AGM-Park\\app\\Controllers\\Tarifas.php', 6)
 2 SYSTEMPATH\Autoloader\Autoloader.php(315): include_once()
 3 SYSTEMPATH\Autoloader\Autoloader.php(295): CodeIgniter\Autoloader\Autoloader->includeFile('C:\\xampp\\htdocs\\AGMPark\\TG_AGM-Park\\app\\Controllers\\Tarifas.php')
 4 SYSTEMPATH\Autoloader\Autoloader.php(271): CodeIgniter\Autoloader\Autoloader->loadInNamespace('App\\Controllers\\Tarifas')
 5 [internal function]: CodeIgniter\Autoloader\Autoloader->loadClass('App\\Controllers\\Tarifas')
 6 SYSTEMPATH\Router\Router.php(792): class_exists('\\App\\Controllers\\Tarifas')
 7 SYSTEMPATH\Router\Router.php(230): CodeIgniter\Router\Router->processRouteAttributes()
 8 SYSTEMPATH\CodeIgniter.php(829): CodeIgniter\Router\Router->handle('tarifas/inserir')
 9 SYSTEMPATH\CodeIgniter.php(441): CodeIgniter\CodeIgniter->tryToRouteIt(Object(CodeIgniter\Router\RouteCollection))
10 SYSTEMPATH\CodeIgniter.php(340): CodeIgniter\CodeIgniter->handleRequest(null, Object(Config\Cache), false)
11 SYSTEMPATH\Boot.php(417): CodeIgniter\CodeIgniter->run()
12 SYSTEMPATH\Boot.php(68): CodeIgniter\Boot::runCodeIgniter(Object(CodeIgniter\CodeIgniter))
13 FCPATH\index.php(59): CodeIgniter\Boot::bootWeb(Object(Config\Paths))
CRITICAL - 2026-04-30 23:39:19 --> ErrorException: The use statement with non-compound name 'Exception' has no effect
[Method: POST, Route: tarifas/inserir]
in APPPATH\Controllers\Tarifas.php on line 6.
 1 SYSTEMPATH\Autoloader\Autoloader.php(315): CodeIgniter\Debug\Exceptions->errorHandler(2, 'The use statement with non-compound name \'Exception\' has no effect', 'C:\\xampp\\htdocs\\AGMPark\\TG_AGM-Park\\app\\Controllers\\Tarifas.php', 6)
 2 SYSTEMPATH\Autoloader\Autoloader.php(315): include_once()
 3 SYSTEMPATH\Autoloader\Autoloader.php(295): CodeIgniter\Autoloader\Autoloader->includeFile('C:\\xampp\\htdocs\\AGMPark\\TG_AGM-Park\\app\\Controllers\\Tarifas.php')
 4 SYSTEMPATH\Autoloader\Autoloader.php(271): CodeIgniter\Autoloader\Autoloader->loadInNamespace('App\\Controllers\\Tarifas')
 5 [internal function]: CodeIgniter\Autoloader\Autoloader->loadClass('App\\Controllers\\Tarifas')
 6 SYSTEMPATH\Router\Router.php(792): class_exists('\\App\\Controllers\\Tarifas')
 7 SYSTEMPATH\Router\Router.php(230): CodeIgniter\Router\Router->processRouteAttributes()
 8 SYSTEMPATH\CodeIgniter.php(829): CodeIgniter\Router\Router->handle('tarifas/inserir')
 9 SYSTEMPATH\CodeIgniter.php(441): CodeIgniter\CodeIgniter->tryToRouteIt(Object(CodeIgniter\Router\RouteCollection))
10 SYSTEMPATH\CodeIgniter.php(340): CodeIgniter\CodeIgniter->handleRequest(null, Object(Config\Cache), false)
11 SYSTEMPATH\Boot.php(417): CodeIgniter\CodeIgniter->run()
12 SYSTEMPATH\Boot.php(68): CodeIgniter\Boot::runCodeIgniter(Object(CodeIgniter\CodeIgniter))
13 FCPATH\index.php(59): CodeIgniter\Boot::bootWeb(Object(Config\Paths))
CRITICAL - 2026-04-30 23:39:20 --> ErrorException: The use statement with non-compound name 'Exception' has no effect
[Method: POST, Route: tarifas/inserir]
in APPPATH\Controllers\Tarifas.php on line 6.
 1 SYSTEMPATH\Autoloader\Autoloader.php(315): CodeIgniter\Debug\Exceptions->errorHandler(2, 'The use statement with non-compound name \'Exception\' has no effect', 'C:\\xampp\\htdocs\\AGMPark\\TG_AGM-Park\\app\\Controllers\\Tarifas.php', 6)
 2 SYSTEMPATH\Autoloader\Autoloader.php(315): include_once()
 3 SYSTEMPATH\Autoloader\Autoloader.php(295): CodeIgniter\Autoloader\Autoloader->includeFile('C:\\xampp\\htdocs\\AGMPark\\TG_AGM-Park\\app\\Controllers\\Tarifas.php')
 4 SYSTEMPATH\Autoloader\Autoloader.php(271): CodeIgniter\Autoloader\Autoloader->loadInNamespace('App\\Controllers\\Tarifas')
 5 [internal function]: CodeIgniter\Autoloader\Autoloader->loadClass('App\\Controllers\\Tarifas')
 6 SYSTEMPATH\Router\Router.php(792): class_exists('\\App\\Controllers\\Tarifas')
 7 SYSTEMPATH\Router\Router.php(230): CodeIgniter\Router\Router->processRouteAttributes()
 8 SYSTEMPATH\CodeIgniter.php(829): CodeIgniter\Router\Router->handle('tarifas/inserir')
 9 SYSTEMPATH\CodeIgniter.php(441): CodeIgniter\CodeIgniter->tryToRouteIt(Object(CodeIgniter\Router\RouteCollection))
10 SYSTEMPATH\CodeIgniter.php(340): CodeIgniter\CodeIgniter->handleRequest(null, Object(Config\Cache), false)
11 SYSTEMPATH\Boot.php(417): CodeIgniter\CodeIgniter->run()
12 SYSTEMPATH\Boot.php(68): CodeIgniter\Boot::runCodeIgniter(Object(CodeIgniter\CodeIgniter))
13 FCPATH\index.php(59): CodeIgniter\Boot::bootWeb(Object(Config\Paths))
CRITICAL - 2026-04-30 23:39:20 --> ErrorException: The use statement with non-compound name 'Exception' has no effect
[Method: POST, Route: tarifas/inserir]
in APPPATH\Controllers\Tarifas.php on line 6.
 1 SYSTEMPATH\Autoloader\Autoloader.php(315): CodeIgniter\Debug\Exceptions->errorHandler(2, 'The use statement with non-compound name \'Exception\' has no effect', 'C:\\xampp\\htdocs\\AGMPark\\TG_AGM-Park\\app\\Controllers\\Tarifas.php', 6)
 2 SYSTEMPATH\Autoloader\Autoloader.php(315): include_once()
 3 SYSTEMPATH\Autoloader\Autoloader.php(295): CodeIgniter\Autoloader\Autoloader->includeFile('C:\\xampp\\htdocs\\AGMPark\\TG_AGM-Park\\app\\Controllers\\Tarifas.php')
 4 SYSTEMPATH\Autoloader\Autoloader.php(271): CodeIgniter\Autoloader\Autoloader->loadInNamespace('App\\Controllers\\Tarifas')
 5 [internal function]: CodeIgniter\Autoloader\Autoloader->loadClass('App\\Controllers\\Tarifas')
 6 SYSTEMPATH\Router\Router.php(792): class_exists('\\App\\Controllers\\Tarifas')
 7 SYSTEMPATH\Router\Router.php(230): CodeIgniter\Router\Router->processRouteAttributes()
 8 SYSTEMPATH\CodeIgniter.php(829): CodeIgniter\Router\Router->handle('tarifas/inserir')
 9 SYSTEMPATH\CodeIgniter.php(441): CodeIgniter\CodeIgniter->tryToRouteIt(Object(CodeIgniter\Router\RouteCollection))
10 SYSTEMPATH\CodeIgniter.php(340): CodeIgniter\CodeIgniter->handleRequest(null, Object(Config\Cache), false)
11 SYSTEMPATH\Boot.php(417): CodeIgniter\CodeIgniter->run()
12 SYSTEMPATH\Boot.php(68): CodeIgniter\Boot::runCodeIgniter(Object(CodeIgniter\CodeIgniter))
13 FCPATH\index.php(59): CodeIgniter\Boot::bootWeb(Object(Config\Paths))
CRITICAL - 2026-04-30 23:39:20 --> ErrorException: The use statement with non-compound name 'Exception' has no effect
[Method: POST, Route: tarifas/inserir]
in APPPATH\Controllers\Tarifas.php on line 6.
 1 SYSTEMPATH\Autoloader\Autoloader.php(315): CodeIgniter\Debug\Exceptions->errorHandler(2, 'The use statement with non-compound name \'Exception\' has no effect', 'C:\\xampp\\htdocs\\AGMPark\\TG_AGM-Park\\app\\Controllers\\Tarifas.php', 6)
 2 SYSTEMPATH\Autoloader\Autoloader.php(315): include_once()
 3 SYSTEMPATH\Autoloader\Autoloader.php(295): CodeIgniter\Autoloader\Autoloader->includeFile('C:\\xampp\\htdocs\\AGMPark\\TG_AGM-Park\\app\\Controllers\\Tarifas.php')
 4 SYSTEMPATH\Autoloader\Autoloader.php(271): CodeIgniter\Autoloader\Autoloader->loadInNamespace('App\\Controllers\\Tarifas')
 5 [internal function]: CodeIgniter\Autoloader\Autoloader->loadClass('App\\Controllers\\Tarifas')
 6 SYSTEMPATH\Router\Router.php(792): class_exists('\\App\\Controllers\\Tarifas')
 7 SYSTEMPATH\Router\Router.php(230): CodeIgniter\Router\Router->processRouteAttributes()
 8 SYSTEMPATH\CodeIgniter.php(829): CodeIgniter\Router\Router->handle('tarifas/inserir')
 9 SYSTEMPATH\CodeIgniter.php(441): CodeIgniter\CodeIgniter->tryToRouteIt(Object(CodeIgniter\Router\RouteCollection))
10 SYSTEMPATH\CodeIgniter.php(340): CodeIgniter\CodeIgniter->handleRequest(null, Object(Config\Cache), false)
11 SYSTEMPATH\Boot.php(417): CodeIgniter\CodeIgniter->run()
12 SYSTEMPATH\Boot.php(68): CodeIgniter\Boot::runCodeIgniter(Object(CodeIgniter\CodeIgniter))
13 FCPATH\index.php(59): CodeIgniter\Boot::bootWeb(Object(Config\Paths))
CRITICAL - 2026-04-30 23:40:18 --> ErrorException: The use statement with non-compound name 'Exception' has no effect
[Method: POST, Route: tarifas/inserir]
in APPPATH\Controllers\Tarifas.php on line 6.
 1 SYSTEMPATH\Autoloader\Autoloader.php(315): CodeIgniter\Debug\Exceptions->errorHandler(2, 'The use statement with non-compound name \'Exception\' has no effect', 'C:\\xampp\\htdocs\\AGMPark\\TG_AGM-Park\\app\\Controllers\\Tarifas.php', 6)
 2 SYSTEMPATH\Autoloader\Autoloader.php(315): include_once()
 3 SYSTEMPATH\Autoloader\Autoloader.php(295): CodeIgniter\Autoloader\Autoloader->includeFile('C:\\xampp\\htdocs\\AGMPark\\TG_AGM-Park\\app\\Controllers\\Tarifas.php')
 4 SYSTEMPATH\Autoloader\Autoloader.php(271): CodeIgniter\Autoloader\Autoloader->loadInNamespace('App\\Controllers\\Tarifas')
 5 [internal function]: CodeIgniter\Autoloader\Autoloader->loadClass('App\\Controllers\\Tarifas')
 6 SYSTEMPATH\Router\Router.php(792): class_exists('\\App\\Controllers\\Tarifas')
 7 SYSTEMPATH\Router\Router.php(230): CodeIgniter\Router\Router->processRouteAttributes()
 8 SYSTEMPATH\CodeIgniter.php(829): CodeIgniter\Router\Router->handle('tarifas/inserir')
 9 SYSTEMPATH\CodeIgniter.php(441): CodeIgniter\CodeIgniter->tryToRouteIt(Object(CodeIgniter\Router\RouteCollection))
10 SYSTEMPATH\CodeIgniter.php(340): CodeIgniter\CodeIgniter->handleRequest(null, Object(Config\Cache), false)
11 SYSTEMPATH\Boot.php(417): CodeIgniter\CodeIgniter->run()
12 SYSTEMPATH\Boot.php(68): CodeIgniter\Boot::runCodeIgniter(Object(CodeIgniter\CodeIgniter))
13 FCPATH\index.php(59): CodeIgniter\Boot::bootWeb(Object(Config\Paths))
CRITICAL - 2026-04-30 23:40:19 --> ErrorException: The use statement with non-compound name 'Exception' has no effect
[Method: POST, Route: tarifas/inserir]
in APPPATH\Controllers\Tarifas.php on line 6.
 1 SYSTEMPATH\Autoloader\Autoloader.php(315): CodeIgniter\Debug\Exceptions->errorHandler(2, 'The use statement with non-compound name \'Exception\' has no effect', 'C:\\xampp\\htdocs\\AGMPark\\TG_AGM-Park\\app\\Controllers\\Tarifas.php', 6)
 2 SYSTEMPATH\Autoloader\Autoloader.php(315): include_once()
 3 SYSTEMPATH\Autoloader\Autoloader.php(295): CodeIgniter\Autoloader\Autoloader->includeFile('C:\\xampp\\htdocs\\AGMPark\\TG_AGM-Park\\app\\Controllers\\Tarifas.php')
 4 SYSTEMPATH\Autoloader\Autoloader.php(271): CodeIgniter\Autoloader\Autoloader->loadInNamespace('App\\Controllers\\Tarifas')
 5 [internal function]: CodeIgniter\Autoloader\Autoloader->loadClass('App\\Controllers\\Tarifas')
 6 SYSTEMPATH\Router\Router.php(792): class_exists('\\App\\Controllers\\Tarifas')
 7 SYSTEMPATH\Router\Router.php(230): CodeIgniter\Router\Router->processRouteAttributes()
 8 SYSTEMPATH\CodeIgniter.php(829): CodeIgniter\Router\Router->handle('tarifas/inserir')
 9 SYSTEMPATH\CodeIgniter.php(441): CodeIgniter\CodeIgniter->tryToRouteIt(Object(CodeIgniter\Router\RouteCollection))
10 SYSTEMPATH\CodeIgniter.php(340): CodeIgniter\CodeIgniter->handleRequest(null, Object(Config\Cache), false)
11 SYSTEMPATH\Boot.php(417): CodeIgniter\CodeIgniter->run()
12 SYSTEMPATH\Boot.php(68): CodeIgniter\Boot::runCodeIgniter(Object(CodeIgniter\CodeIgniter))
13 FCPATH\index.php(59): CodeIgniter\Boot::bootWeb(Object(Config\Paths))
CRITICAL - 2026-04-30 23:40:24 --> ErrorException: The use statement with non-compound name 'Exception' has no effect
[Method: GET, Route: tarifas/listar]
in APPPATH\Controllers\Tarifas.php on line 6.
 1 SYSTEMPATH\Autoloader\Autoloader.php(315): CodeIgniter\Debug\Exceptions->errorHandler(2, 'The use statement with non-compound name \'Exception\' has no effect', 'C:\\xampp\\htdocs\\AGMPark\\TG_AGM-Park\\app\\Controllers\\Tarifas.php', 6)
 2 SYSTEMPATH\Autoloader\Autoloader.php(315): include_once()
 3 SYSTEMPATH\Autoloader\Autoloader.php(295): CodeIgniter\Autoloader\Autoloader->includeFile('C:\\xampp\\htdocs\\AGMPark\\TG_AGM-Park\\app\\Controllers\\Tarifas.php')
 4 SYSTEMPATH\Autoloader\Autoloader.php(271): CodeIgniter\Autoloader\Autoloader->loadInNamespace('App\\Controllers\\Tarifas')
 5 [internal function]: CodeIgniter\Autoloader\Autoloader->loadClass('App\\Controllers\\Tarifas')
 6 SYSTEMPATH\Router\Router.php(792): class_exists('\\App\\Controllers\\Tarifas')
 7 SYSTEMPATH\Router\Router.php(230): CodeIgniter\Router\Router->processRouteAttributes()
 8 SYSTEMPATH\CodeIgniter.php(829): CodeIgniter\Router\Router->handle('tarifas/listar')
 9 SYSTEMPATH\CodeIgniter.php(441): CodeIgniter\CodeIgniter->tryToRouteIt(Object(CodeIgniter\Router\RouteCollection))
10 SYSTEMPATH\CodeIgniter.php(340): CodeIgniter\CodeIgniter->handleRequest(null, Object(Config\Cache), false)
11 SYSTEMPATH\Boot.php(417): CodeIgniter\CodeIgniter->run()
12 SYSTEMPATH\Boot.php(68): CodeIgniter\Boot::runCodeIgniter(Object(CodeIgniter\CodeIgniter))
13 FCPATH\index.php(59): CodeIgniter\Boot::bootWeb(Object(Config\Paths))
CRITICAL - 2026-04-30 23:41:36 --> ErrorException: The use statement with non-compound name 'Exception' has no effect
[Method: POST, Route: tarifas/inserir]
in APPPATH\Controllers\Tarifas.php on line 6.
 1 SYSTEMPATH\Autoloader\Autoloader.php(315): CodeIgniter\Debug\Exceptions->errorHandler(2, 'The use statement with non-compound name \'Exception\' has no effect', 'C:\\xampp\\htdocs\\AGMPark\\TG_AGM-Park\\app\\Controllers\\Tarifas.php', 6)
 2 SYSTEMPATH\Autoloader\Autoloader.php(315): include_once()
 3 SYSTEMPATH\Autoloader\Autoloader.php(295): CodeIgniter\Autoloader\Autoloader->includeFile('C:\\xampp\\htdocs\\AGMPark\\TG_AGM-Park\\app\\Controllers\\Tarifas.php')
 4 SYSTEMPATH\Autoloader\Autoloader.php(271): CodeIgniter\Autoloader\Autoloader->loadInNamespace('App\\Controllers\\Tarifas')
 5 [internal function]: CodeIgniter\Autoloader\Autoloader->loadClass('App\\Controllers\\Tarifas')
 6 SYSTEMPATH\Router\Router.php(792): class_exists('\\App\\Controllers\\Tarifas')
 7 SYSTEMPATH\Router\Router.php(230): CodeIgniter\Router\Router->processRouteAttributes()
 8 SYSTEMPATH\CodeIgniter.php(829): CodeIgniter\Router\Router->handle('tarifas/inserir')
 9 SYSTEMPATH\CodeIgniter.php(441): CodeIgniter\CodeIgniter->tryToRouteIt(Object(CodeIgniter\Router\RouteCollection))
10 SYSTEMPATH\CodeIgniter.php(340): CodeIgniter\CodeIgniter->handleRequest(null, Object(Config\Cache), false)
11 SYSTEMPATH\Boot.php(417): CodeIgniter\CodeIgniter->run()
12 SYSTEMPATH\Boot.php(68): CodeIgniter\Boot::runCodeIgniter(Object(CodeIgniter\CodeIgniter))
13 FCPATH\index.php(59): CodeIgniter\Boot::bootWeb(Object(Config\Paths))
