CRITICAL - 2026-03-23 00:02:20 --> ErrorException: The use statement with non-compound name 'DateTime' has no effect
[Method: POST, Route: usuarios/inserir]
in APPPATH\Helpers\helper_helper.php on line 3.
 1 SYSTEMPATH\Common.php(671): CodeIgniter\Debug\Exceptions->errorHandler(2, 'The use statement with non-compound name \'DateTime\' has no effect', 'C:\\xampp\\htdocs\\TG_AGM-Park\\app\\Helpers\\helper_helper.php', 3)
 2 SYSTEMPATH\Common.php(671): include_once()
 3 APPPATH\Controllers\Usuarios.php(101): helper([...])
 4 SYSTEMPATH\CodeIgniter.php(951): App\Controllers\Usuarios->inserir()
 5 SYSTEMPATH\CodeIgniter.php(497): CodeIgniter\CodeIgniter->runController(Object(App\Controllers\Usuarios))
 6 SYSTEMPATH\CodeIgniter.php(340): CodeIgniter\CodeIgniter->handleRequest(null, Object(Config\Cache), false)
 7 SYSTEMPATH\Boot.php(417): CodeIgniter\CodeIgniter->run()
 8 SYSTEMPATH\Boot.php(68): CodeIgniter\Boot::runCodeIgniter(Object(CodeIgniter\CodeIgniter))
 9 FCPATH\index.php(59): CodeIgniter\Boot::bootWeb(Object(Config\Paths))
CRITICAL - 2026-03-23 00:06:03 --> ErrorException: The use statement with non-compound name 'DateTime' has no effect
[Method: POST, Route: usuarios/inserir]
in APPPATH\Helpers\helper_helper.php on line 3.
 1 SYSTEMPATH\Common.php(671): CodeIgniter\Debug\Exceptions->errorHandler(2, 'The use statement with non-compound name \'DateTime\' has no effect', 'C:\\xampp\\htdocs\\TG_AGM-Park\\app\\Helpers\\helper_helper.php', 3)
 2 SYSTEMPATH\Common.php(671): include_once()
 3 APPPATH\Controllers\Usuarios.php(101): helper([...])
 4 SYSTEMPATH\CodeIgniter.php(951): App\Controllers\Usuarios->inserir()
 5 SYSTEMPATH\CodeIgniter.php(497): CodeIgniter\CodeIgniter->runController(Object(App\Controllers\Usuarios))
 6 SYSTEMPATH\CodeIgniter.php(340): CodeIgniter\CodeIgniter->handleRequest(null, Object(Config\Cache), false)
 7 SYSTEMPATH\Boot.php(417): CodeIgniter\CodeIgniter->run()
 8 SYSTEMPATH\Boot.php(68): CodeIgniter\Boot::runCodeIgniter(Object(CodeIgniter\CodeIgniter))
 9 FCPATH\index.php(59): CodeIgniter\Boot::bootWeb(Object(Config\Paths))
CRITICAL - 2026-03-23 00:06:23 --> ErrorException: The use statement with non-compound name 'DateTime' has no effect
[Method: POST, Route: usuarios/inserir]
in APPPATH\Helpers\helper_helper.php on line 3.
 1 SYSTEMPATH\Common.php(671): CodeIgniter\Debug\Exceptions->errorHandler(2, 'The use statement with non-compound name \'DateTime\' has no effect', 'C:\\xampp\\htdocs\\TG_AGM-Park\\app\\Helpers\\helper_helper.php', 3)
 2 SYSTEMPATH\Common.php(671): include_once()
 3 APPPATH\Controllers\Usuarios.php(101): helper([...])
 4 SYSTEMPATH\CodeIgniter.php(951): App\Controllers\Usuarios->inserir()
 5 SYSTEMPATH\CodeIgniter.php(497): CodeIgniter\CodeIgniter->runController(Object(App\Controllers\Usuarios))
 6 SYSTEMPATH\CodeIgniter.php(340): CodeIgniter\CodeIgniter->handleRequest(null, Object(Config\Cache), false)
 7 SYSTEMPATH\Boot.php(417): CodeIgniter\CodeIgniter->run()
 8 SYSTEMPATH\Boot.php(68): CodeIgniter\Boot::runCodeIgniter(Object(CodeIgniter\CodeIgniter))
 9 FCPATH\index.php(59): CodeIgniter\Boot::bootWeb(Object(Config\Paths))
CRITICAL - 2026-03-23 00:07:09 --> ErrorException: The use statement with non-compound name 'DateTime' has no effect
[Method: POST, Route: usuarios/inserir]
in APPPATH\Helpers\helper_helper.php on line 3.
 1 SYSTEMPATH\Common.php(671): CodeIgniter\Debug\Exceptions->errorHandler(2, 'The use statement with non-compound name \'DateTime\' has no effect', 'C:\\xampp\\htdocs\\TG_AGM-Park\\app\\Helpers\\helper_helper.php', 3)
 2 SYSTEMPATH\Common.php(671): include_once()
 3 APPPATH\Controllers\Usuarios.php(101): helper([...])
 4 SYSTEMPATH\CodeIgniter.php(951): App\Controllers\Usuarios->inserir()
 5 SYSTEMPATH\CodeIgniter.php(497): CodeIgniter\CodeIgniter->runController(Object(App\Controllers\Usuarios))
 6 SYSTEMPATH\CodeIgniter.php(340): CodeIgniter\CodeIgniter->handleRequest(null, Object(Config\Cache), false)
 7 SYSTEMPATH\Boot.php(417): CodeIgniter\CodeIgniter->run()
 8 SYSTEMPATH\Boot.php(68): CodeIgniter\Boot::runCodeIgniter(Object(CodeIgniter\CodeIgniter))
 9 FCPATH\index.php(59): CodeIgniter\Boot::bootWeb(Object(Config\Paths))
CRITICAL - 2026-03-23 21:55:13 --> ErrorException: The use statement with non-compound name 'DateTime' has no effect
[Method: POST, Route: usuarios/inserir]
in APPPATH\Helpers\helper_helper.php on line 3.
 1 SYSTEMPATH\Common.php(671): CodeIgniter\Debug\Exceptions->errorHandler(2, 'The use statement with non-compound name \'DateTime\' has no effect', 'C:\\xampp\\htdocs\\TG_AGM-Park\\app\\Helpers\\helper_helper.php', 3)
 2 SYSTEMPATH\Common.php(671): include_once()
 3 APPPATH\Controllers\Usuarios.php(101): helper([...])
 4 SYSTEMPATH\CodeIgniter.php(951): App\Controllers\Usuarios->inserir()
 5 SYSTEMPATH\CodeIgniter.php(497): CodeIgniter\CodeIgniter->runController(Object(App\Controllers\Usuarios))
 6 SYSTEMPATH\CodeIgniter.php(340): CodeIgniter\CodeIgniter->handleRequest(null, Object(Config\Cache), false)
 7 SYSTEMPATH\Boot.php(417): CodeIgniter\CodeIgniter->run()
 8 SYSTEMPATH\Boot.php(68): CodeIgniter\Boot::runCodeIgniter(Object(CodeIgniter\CodeIgniter))
 9 FCPATH\index.php(59): CodeIgniter\Boot::bootWeb(Object(Config\Paths))
CRITICAL - 2026-03-23 21:55:15 --> ErrorException: The use statement with non-compound name 'DateTime' has no effect
[Method: POST, Route: usuarios/inserir]
in APPPATH\Helpers\helper_helper.php on line 3.
 1 SYSTEMPATH\Common.php(671): CodeIgniter\Debug\Exceptions->errorHandler(2, 'The use statement with non-compound name \'DateTime\' has no effect', 'C:\\xampp\\htdocs\\TG_AGM-Park\\app\\Helpers\\helper_helper.php', 3)
 2 SYSTEMPATH\Common.php(671): include_once()
 3 APPPATH\Controllers\Usuarios.php(101): helper([...])
 4 SYSTEMPATH\CodeIgniter.php(951): App\Controllers\Usuarios->inserir()
 5 SYSTEMPATH\CodeIgniter.php(497): CodeIgniter\CodeIgniter->runController(Object(App\Controllers\Usuarios))
 6 SYSTEMPATH\CodeIgniter.php(340): CodeIgniter\CodeIgniter->handleRequest(null, Object(Config\Cache), false)
 7 SYSTEMPATH\Boot.php(417): CodeIgniter\CodeIgniter->run()
 8 SYSTEMPATH\Boot.php(68): CodeIgniter\Boot::runCodeIgniter(Object(CodeIgniter\CodeIgniter))
 9 FCPATH\index.php(59): CodeIgniter\Boot::bootWeb(Object(Config\Paths))
CRITICAL - 2026-03-23 21:55:38 --> ErrorException: The use statement with non-compound name 'DateTime' has no effect
[Method: POST, Route: usuarios/inserir]
in APPPATH\Helpers\helper_helper.php on line 3.
 1 SYSTEMPATH\Common.php(671): CodeIgniter\Debug\Exceptions->errorHandler(2, 'The use statement with non-compound name \'DateTime\' has no effect', 'C:\\xampp\\htdocs\\TG_AGM-Park\\app\\Helpers\\helper_helper.php', 3)
 2 SYSTEMPATH\Common.php(671): include_once()
 3 APPPATH\Controllers\Usuarios.php(101): helper([...])
 4 SYSTEMPATH\CodeIgniter.php(951): App\Controllers\Usuarios->inserir()
 5 SYSTEMPATH\CodeIgniter.php(497): CodeIgniter\CodeIgniter->runController(Object(App\Controllers\Usuarios))
 6 SYSTEMPATH\CodeIgniter.php(340): CodeIgniter\CodeIgniter->handleRequest(null, Object(Config\Cache), false)
 7 SYSTEMPATH\Boot.php(417): CodeIgniter\CodeIgniter->run()
 8 SYSTEMPATH\Boot.php(68): CodeIgniter\Boot::runCodeIgniter(Object(CodeIgniter\CodeIgniter))
 9 FCPATH\index.php(59): CodeIgniter\Boot::bootWeb(Object(Config\Paths))
CRITICAL - 2026-03-23 21:55:39 --> ErrorException: The use statement with non-compound name 'DateTime' has no effect
[Method: POST, Route: usuarios/inserir]
in APPPATH\Helpers\helper_helper.php on line 3.
 1 SYSTEMPATH\Common.php(671): CodeIgniter\Debug\Exceptions->errorHandler(2, 'The use statement with non-compound name \'DateTime\' has no effect', 'C:\\xampp\\htdocs\\TG_AGM-Park\\app\\Helpers\\helper_helper.php', 3)
 2 SYSTEMPATH\Common.php(671): include_once()
 3 APPPATH\Controllers\Usuarios.php(101): helper([...])
 4 SYSTEMPATH\CodeIgniter.php(951): App\Controllers\Usuarios->inserir()
 5 SYSTEMPATH\CodeIgniter.php(497): CodeIgniter\CodeIgniter->runController(Object(App\Controllers\Usuarios))
 6 SYSTEMPATH\CodeIgniter.php(340): CodeIgniter\CodeIgniter->handleRequest(null, Object(Config\Cache), false)
 7 SYSTEMPATH\Boot.php(417): CodeIgniter\CodeIgniter->run()
 8 SYSTEMPATH\Boot.php(68): CodeIgniter\Boot::runCodeIgniter(Object(CodeIgniter\CodeIgniter))
 9 FCPATH\index.php(59): CodeIgniter\Boot::bootWeb(Object(Config\Paths))
CRITICAL - 2026-03-23 21:56:14 --> ErrorException: The use statement with non-compound name 'DateTime' has no effect
[Method: POST, Route: usuarios/inserir]
in APPPATH\Helpers\helper_helper.php on line 3.
 1 SYSTEMPATH\Common.php(671): CodeIgniter\Debug\Exceptions->errorHandler(2, 'The use statement with non-compound name \'DateTime\' has no effect', 'C:\\xampp\\htdocs\\TG_AGM-Park\\app\\Helpers\\helper_helper.php', 3)
 2 SYSTEMPATH\Common.php(671): include_once()
 3 APPPATH\Controllers\Usuarios.php(101): helper([...])
 4 SYSTEMPATH\CodeIgniter.php(951): App\Controllers\Usuarios->inserir()
 5 SYSTEMPATH\CodeIgniter.php(497): CodeIgniter\CodeIgniter->runController(Object(App\Controllers\Usuarios))
 6 SYSTEMPATH\CodeIgniter.php(340): CodeIgniter\CodeIgniter->handleRequest(null, Object(Config\Cache), false)
 7 SYSTEMPATH\Boot.php(417): CodeIgniter\CodeIgniter->run()
 8 SYSTEMPATH\Boot.php(68): CodeIgniter\Boot::runCodeIgniter(Object(CodeIgniter\CodeIgniter))
 9 FCPATH\index.php(59): CodeIgniter\Boot::bootWeb(Object(Config\Paths))
CRITICAL - 2026-03-23 22:05:35 --> ErrorException: The use statement with non-compound name 'DateTime' has no effect
[Method: POST, Route: usuarios/inserir]
in APPPATH\Helpers\helper_helper.php on line 3.
 1 SYSTEMPATH\Common.php(671): CodeIgniter\Debug\Exceptions->errorHandler(2, 'The use statement with non-compound name \'DateTime\' has no effect', 'C:\\xampp\\htdocs\\TG_AGM-Park\\app\\Helpers\\helper_helper.php', 3)
 2 SYSTEMPATH\Common.php(671): include_once()
 3 APPPATH\Controllers\Usuarios.php(101): helper([...])
 4 SYSTEMPATH\CodeIgniter.php(951): App\Controllers\Usuarios->inserir()
 5 SYSTEMPATH\CodeIgniter.php(497): CodeIgniter\CodeIgniter->runController(Object(App\Controllers\Usuarios))
 6 SYSTEMPATH\CodeIgniter.php(340): CodeIgniter\CodeIgniter->handleRequest(null, Object(Config\Cache), false)
 7 SYSTEMPATH\Boot.php(417): CodeIgniter\CodeIgniter->run()
 8 SYSTEMPATH\Boot.php(68): CodeIgniter\Boot::runCodeIgniter(Object(CodeIgniter\CodeIgniter))
 9 FCPATH\index.php(59): CodeIgniter\Boot::bootWeb(Object(Config\Paths))
CRITICAL - 2026-03-23 22:05:36 --> ErrorException: The use statement with non-compound name 'DateTime' has no effect
[Method: POST, Route: usuarios/inserir]
in APPPATH\Helpers\helper_helper.php on line 3.
 1 SYSTEMPATH\Common.php(671): CodeIgniter\Debug\Exceptions->errorHandler(2, 'The use statement with non-compound name \'DateTime\' has no effect', 'C:\\xampp\\htdocs\\TG_AGM-Park\\app\\Helpers\\helper_helper.php', 3)
 2 SYSTEMPATH\Common.php(671): include_once()
 3 APPPATH\Controllers\Usuarios.php(101): helper([...])
 4 SYSTEMPATH\CodeIgniter.php(951): App\Controllers\Usuarios->inserir()
 5 SYSTEMPATH\CodeIgniter.php(497): CodeIgniter\CodeIgniter->runController(Object(App\Controllers\Usuarios))
 6 SYSTEMPATH\CodeIgniter.php(340): CodeIgniter\CodeIgniter->handleRequest(null, Object(Config\Cache), false)
 7 SYSTEMPATH\Boot.php(417): CodeIgniter\CodeIgniter->run()
 8 SYSTEMPATH\Boot.php(68): CodeIgniter\Boot::runCodeIgniter(Object(CodeIgniter\CodeIgniter))
 9 FCPATH\index.php(59): CodeIgniter\Boot::bootWeb(Object(Config\Paths))
CRITICAL - 2026-03-23 22:07:17 --> ErrorException: The use statement with non-compound name 'DateTime' has no effect
[Method: POST, Route: usuarios/inserir]
in APPPATH\Helpers\helper_helper.php on line 3.
 1 SYSTEMPATH\Common.php(671): CodeIgniter\Debug\Exceptions->errorHandler(2, 'The use statement with non-compound name \'DateTime\' has no effect', 'C:\\xampp\\htdocs\\TG_AGM-Park\\app\\Helpers\\helper_helper.php', 3)
 2 SYSTEMPATH\Common.php(671): include_once()
 3 APPPATH\Controllers\Usuarios.php(101): helper([...])
 4 SYSTEMPATH\CodeIgniter.php(951): App\Controllers\Usuarios->inserir()
 5 SYSTEMPATH\CodeIgniter.php(497): CodeIgniter\CodeIgniter->runController(Object(App\Controllers\Usuarios))
 6 SYSTEMPATH\CodeIgniter.php(340): CodeIgniter\CodeIgniter->handleRequest(null, Object(Config\Cache), false)
 7 SYSTEMPATH\Boot.php(417): CodeIgniter\CodeIgniter->run()
 8 SYSTEMPATH\Boot.php(68): CodeIgniter\Boot::runCodeIgniter(Object(CodeIgniter\CodeIgniter))
 9 FCPATH\index.php(59): CodeIgniter\Boot::bootWeb(Object(Config\Paths))
CRITICAL - 2026-03-23 22:07:19 --> ErrorException: The use statement with non-compound name 'DateTime' has no effect
[Method: POST, Route: usuarios/inserir]
in APPPATH\Helpers\helper_helper.php on line 3.
 1 SYSTEMPATH\Common.php(671): CodeIgniter\Debug\Exceptions->errorHandler(2, 'The use statement with non-compound name \'DateTime\' has no effect', 'C:\\xampp\\htdocs\\TG_AGM-Park\\app\\Helpers\\helper_helper.php', 3)
 2 SYSTEMPATH\Common.php(671): include_once()
 3 APPPATH\Controllers\Usuarios.php(101): helper([...])
 4 SYSTEMPATH\CodeIgniter.php(951): App\Controllers\Usuarios->inserir()
 5 SYSTEMPATH\CodeIgniter.php(497): CodeIgniter\CodeIgniter->runController(Object(App\Controllers\Usuarios))
 6 SYSTEMPATH\CodeIgniter.php(340): CodeIgniter\CodeIgniter->handleRequest(null, Object(Config\Cache), false)
 7 SYSTEMPATH\Boot.php(417): CodeIgniter\CodeIgniter->run()
 8 SYSTEMPATH\Boot.php(68): CodeIgniter\Boot::runCodeIgniter(Object(CodeIgniter\CodeIgniter))
 9 FCPATH\index.php(59): CodeIgniter\Boot::bootWeb(Object(Config\Paths))
CRITICAL - 2026-03-23 22:08:12 --> ErrorException: The use statement with non-compound name 'DateTime' has no effect
[Method: POST, Route: usuarios/inserir]
in APPPATH\Helpers\helper_helper.php on line 3.
 1 SYSTEMPATH\Common.php(671): CodeIgniter\Debug\Exceptions->errorHandler(2, 'The use statement with non-compound name \'DateTime\' has no effect', 'C:\\xampp\\htdocs\\TG_AGM-Park\\app\\Helpers\\helper_helper.php', 3)
 2 SYSTEMPATH\Common.php(671): include_once()
 3 APPPATH\Controllers\Usuarios.php(101): helper([...])
 4 SYSTEMPATH\CodeIgniter.php(951): App\Controllers\Usuarios->inserir()
 5 SYSTEMPATH\CodeIgniter.php(497): CodeIgniter\CodeIgniter->runController(Object(App\Controllers\Usuarios))
 6 SYSTEMPATH\CodeIgniter.php(340): CodeIgniter\CodeIgniter->handleRequest(null, Object(Config\Cache), false)
 7 SYSTEMPATH\Boot.php(417): CodeIgniter\CodeIgniter->run()
 8 SYSTEMPATH\Boot.php(68): CodeIgniter\Boot::runCodeIgniter(Object(CodeIgniter\CodeIgniter))
 9 FCPATH\index.php(59): CodeIgniter\Boot::bootWeb(Object(Config\Paths))
CRITICAL - 2026-03-23 22:08:52 --> ErrorException: The use statement with non-compound name 'DateTime' has no effect
[Method: POST, Route: usuarios/inserir]
in APPPATH\Helpers\helper_helper.php on line 3.
 1 SYSTEMPATH\Common.php(671): CodeIgniter\Debug\Exceptions->errorHandler(2, 'The use statement with non-compound name \'DateTime\' has no effect', 'C:\\xampp\\htdocs\\TG_AGM-Park\\app\\Helpers\\helper_helper.php', 3)
 2 SYSTEMPATH\Common.php(671): include_once()
 3 APPPATH\Controllers\Usuarios.php(101): helper([...])
 4 SYSTEMPATH\CodeIgniter.php(951): App\Controllers\Usuarios->inserir()
 5 SYSTEMPATH\CodeIgniter.php(497): CodeIgniter\CodeIgniter->runController(Object(App\Controllers\Usuarios))
 6 SYSTEMPATH\CodeIgniter.php(340): CodeIgniter\CodeIgniter->handleRequest(null, Object(Config\Cache), false)
 7 SYSTEMPATH\Boot.php(417): CodeIgniter\CodeIgniter->run()
 8 SYSTEMPATH\Boot.php(68): CodeIgniter\Boot::runCodeIgniter(Object(CodeIgniter\CodeIgniter))
 9 FCPATH\index.php(59): CodeIgniter\Boot::bootWeb(Object(Config\Paths))
CRITICAL - 2026-03-23 22:08:58 --> ErrorException: The use statement with non-compound name 'DateTime' has no effect
[Method: POST, Route: usuarios/inserir]
in APPPATH\Helpers\helper_helper.php on line 3.
 1 SYSTEMPATH\Common.php(671): CodeIgniter\Debug\Exceptions->errorHandler(2, 'The use statement with non-compound name \'DateTime\' has no effect', 'C:\\xampp\\htdocs\\TG_AGM-Park\\app\\Helpers\\helper_helper.php', 3)
 2 SYSTEMPATH\Common.php(671): include_once()
 3 APPPATH\Controllers\Usuarios.php(101): helper([...])
 4 SYSTEMPATH\CodeIgniter.php(951): App\Controllers\Usuarios->inserir()
 5 SYSTEMPATH\CodeIgniter.php(497): CodeIgniter\CodeIgniter->runController(Object(App\Controllers\Usuarios))
 6 SYSTEMPATH\CodeIgniter.php(340): CodeIgniter\CodeIgniter->handleRequest(null, Object(Config\Cache), false)
 7 SYSTEMPATH\Boot.php(417): CodeIgniter\CodeIgniter->run()
 8 SYSTEMPATH\Boot.php(68): CodeIgniter\Boot::runCodeIgniter(Object(CodeIgniter\CodeIgniter))
 9 FCPATH\index.php(59): CodeIgniter\Boot::bootWeb(Object(Config\Paths))
CRITICAL - 2026-03-23 22:09:11 --> ErrorException: The use statement with non-compound name 'DateTime' has no effect
[Method: POST, Route: usuarios/inserir]
in APPPATH\Helpers\helper_helper.php on line 3.
 1 SYSTEMPATH\Common.php(671): CodeIgniter\Debug\Exceptions->errorHandler(2, 'The use statement with non-compound name \'DateTime\' has no effect', 'C:\\xampp\\htdocs\\TG_AGM-Park\\app\\Helpers\\helper_helper.php', 3)
 2 SYSTEMPATH\Common.php(671): include_once()
 3 APPPATH\Controllers\Usuarios.php(101): helper([...])
 4 SYSTEMPATH\CodeIgniter.php(951): App\Controllers\Usuarios->inserir()
 5 SYSTEMPATH\CodeIgniter.php(497): CodeIgniter\CodeIgniter->runController(Object(App\Controllers\Usuarios))
 6 SYSTEMPATH\CodeIgniter.php(340): CodeIgniter\CodeIgniter->handleRequest(null, Object(Config\Cache), false)
 7 SYSTEMPATH\Boot.php(417): CodeIgniter\CodeIgniter->run()
 8 SYSTEMPATH\Boot.php(68): CodeIgniter\Boot::runCodeIgniter(Object(CodeIgniter\CodeIgniter))
 9 FCPATH\index.php(59): CodeIgniter\Boot::bootWeb(Object(Config\Paths))
ERROR - 2026-03-23 22:16:27 --> Duplicate entry '06169153300' for key 'funcionario.cpf_cnpj'
in SYSTEMPATH\Database\MySQLi\Connection.php on line 300.
 1 SYSTEMPATH\Database\MySQLi\Connection.php(300): mysqli->query('INSERT INTO `funcionario` (`primeiro_nome`, `cpf_cnpj`, `email`, `data_nascimento`, `telefone`, `senha`, `tipo_usuario`, `istatus`) VALUES (\'Gabriel\', \'06169153300\', \'gabriel@email.com\', \'2000-01-01\', \'11999999999\', \'$2y$10$KyJBkBKLXDxGyy70md6sL.UKyW0VUjWKjuPejhnjaupMu2ozN8r/a\', \'FUNCIONARIO\', \'ATIVO\')', 0)
 2 SYSTEMPATH\Database\BaseConnection.php(910): CodeIgniter\Database\MySQLi\Connection->execute('INSERT INTO `funcionario` (`primeiro_nome`, `cpf_cnpj`, `email`, `data_nascimento`, `telefone`, `senha`, `tipo_usuario`, `istatus`) VALUES (\'Gabriel\', \'06169153300\', \'gabriel@email.com\', \'2000-01-01\', \'11999999999\', \'$2y$10$KyJBkBKLXDxGyy70md6sL.UKyW0VUjWKjuPejhnjaupMu2ozN8r/a\', \'FUNCIONARIO\', \'ATIVO\')')
 3 SYSTEMPATH\Database\BaseConnection.php(827): CodeIgniter\Database\BaseConnection->simpleQuery('INSERT INTO `funcionario` (`primeiro_nome`, `cpf_cnpj`, `email`, `data_nascimento`, `telefone`, `senha`, `tipo_usuario`, `istatus`) VALUES (\'Gabriel\', \'06169153300\', \'gabriel@email.com\', \'2000-01-01\', \'11999999999\', \'$2y$10$KyJBkBKLXDxGyy70md6sL.UKyW0VUjWKjuPejhnjaupMu2ozN8r/a\', \'FUNCIONARIO\', \'ATIVO\')')
 4 SYSTEMPATH\Database\BaseBuilder.php(2345): CodeIgniter\Database\BaseConnection->query('INSERT INTO `funcionario` (`primeiro_nome`, `cpf_cnpj`, `email`, `data_nascimento`, `telefone`, `senha`, `tipo_usuario`, `istatus`) VALUES (:primeiro_nome:, :cpf_cnpj:, :email:, :data_nascimento:, :telefone:, :senha:, :tipo_usuario:, :istatus:)', [...], false)
 5 SYSTEMPATH\Model.php(355): CodeIgniter\Database\BaseBuilder->insert()
 6 SYSTEMPATH\BaseModel.php(899): CodeIgniter\Model->doInsert([...])
 7 SYSTEMPATH\Model.php(668): CodeIgniter\BaseModel->insert([...], true)
 8 APPPATH\Models\UsuarioModel.php(27): CodeIgniter\Model->insert([...])
 9 APPPATH\Controllers\Usuarios.php(232): App\Models\UsuarioModel->inserir([...])
10 SYSTEMPATH\CodeIgniter.php(951): App\Controllers\Usuarios->inserir()
11 SYSTEMPATH\CodeIgniter.php(497): CodeIgniter\CodeIgniter->runController(Object(App\Controllers\Usuarios))
12 SYSTEMPATH\CodeIgniter.php(340): CodeIgniter\CodeIgniter->handleRequest(null, Object(Config\Cache), false)
13 SYSTEMPATH\Boot.php(417): CodeIgniter\CodeIgniter->run()
14 SYSTEMPATH\Boot.php(68): CodeIgniter\Boot::runCodeIgniter(Object(CodeIgniter\CodeIgniter))
15 FCPATH\index.php(59): CodeIgniter\Boot::bootWeb(Object(Config\Paths))
